<?xml version="1.0" encoding="UTF-8"?>
<robot generator="Robot 6.0.1 (Python 3.13.1 on win32)" generated="20260410 16:24:45.251" rpa="false" schemaversion="3">
<suite id="s1" name="cadastroCliente" source="C:\ws\TestesIntegrados\SFA-SIM3G-TestesIntegrados\pedidoengine\test\web\cliente\cadastroCliente.robot">
<kw name="Run Keywords" library="BuiltIn" type="SETUP">
<arg>Conecta ao banco de dados</arg>
<arg>AND</arg>
<arg>Configura parametros padroes do sistema</arg>
<arg>AND</arg>
<arg>Abre navegador</arg>
<arg>AND</arg>
<arg>Realiza login na plataforma web</arg>
<doc>Executes all the given keywords in a sequence.</doc>
<kw name="Conecta ao banco de dados" library="conectionDatabase">
<doc>Keyword utilizada para realizar a conexão com o banco de dados.</doc>
<kw name="Connect To Database" library="DatabaseLibrary">
<arg>psycopg2</arg>
<arg>${banco_de_dados.dbName}</arg>
<arg>${banco_de_dados.dbUser}</arg>
<arg>${banco_de_dados.dbPass}</arg>
<arg>${banco_de_dados.dbHost}</arg>
<arg>${banco_de_dados.dbPort}</arg>
<doc>Creates a database connection using the DB API 2.0 ``db_module`` and the parameters provided.
Along with listed commonly used arguments (`db_name`, `db_host` etc.)
you can set any other DB module specific parameters as key/value pairs.</doc>
<msg timestamp="20260410 16:24:51.050" level="INFO">Looking for configuration file: 'resources\db.cfg'</msg>
<msg timestamp="20260410 16:24:51.051" level="INFO">Configuration file doesn't exist</msg>
<msg timestamp="20260410 16:24:51.188" level="INFO">Connect to DB using : psycopg2.connect(database='ws', user='wssim', password=***, host='10.171.217.166', port=9000)</msg>
<status status="PASS" starttime="20260410 16:24:51.028" endtime="20260410 16:24:51.268"/>
</kw>
<status status="PASS" starttime="20260410 16:24:51.027" endtime="20260410 16:24:51.268"/>
</kw>
<kw name="Configura parametros padroes do sistema" library="cadastroClienteResource">
<kw name="Log To Console" library="BuiltIn">
<arg>\n⚙️ Injetando Massa de Dados no Postgres...</arg>
<doc>Logs the given message to the console.</doc>
<status status="PASS" starttime="20260410 16:24:51.269" endtime="20260410 16:24:51.270"/>
</kw>
<kw name="Catenate" library="BuiltIn">
<var>${query}</var>
<arg>SEPARATOR=\n</arg>
<arg>BEGIN;</arg>
<arg>UPDATE wsconfigentidade SET idnpermitevisualizar = 1, idnpermiteeditar = 1, idnpermitecadastrar = 1;</arg>
<arg>UPDATE wsconfigentidadecampo SET idnpermitevisualizar = 1, idnpermiteeditar = 1;</arg>
<arg>UPDATE wsconfigentidadecampo SET idnobrigatorio = 0;</arg>
<arg>UPDATE wsconfigentidadecampo SET idnobrigatorio = 1 WHERE labelcampo IN ('tipocliente', 'descricao', 'cidade', 'nome', 'parceiro', 'idnativo', 'profissional', 'sgltipopessoa', 'telefone', 'email', 'razaosocial', 'idnpessoafisica', 'cpf', 'login', 'perfilacesso', 'idnpadrao', 'datainicio', 'logradouro', 'nomeparceiro', 'numero', 'cnpj', 'nomeparceirofantasia');</arg>
<arg>INSERT INTO classificacaoparceiro (idclassificacaoparceiro, idnativo, percentualdesconto, descricao, sglclassificacao, ordem, codigoerp, wsversao) SELECT 99999, 1, 0, 'CLASSIFICACAO AUTOMACAO', 'AUTO', 1, 'CT#AUTO', 1 WHERE NOT EXISTS (SELECT 1 FROM classificacaoparceiro WHERE idclassificacaoparceiro = 99999);</arg>
<arg>INSERT INTO grupoparceiro (idgrupoparceiro, idnativo, descricao, codigoerp, wsversao, sglgrupoparceiro) SELECT 99999, 1, 'GRUPO AUTOMACAO', 'CT#AUTO', 1, 'AUTO' WHERE NOT EXISTS (SELECT 1 FROM grupoparceiro WHERE idgrupoparceiro = 99999);</arg>
<arg>INSERT INTO tipologia (idtipologia, idnativo, descricao, codigo, sgltipologia, codigoerp, wsversao) SELECT 99999, 1, 'TIPOLOGIA AUTOMACAO', 'AUTO', 'AUT', 'CT#AUTO', 1 WHERE NOT EXISTS (SELECT 1 FROM tipologia WHERE idtipologia = 99999);</arg>
<arg>INSERT INTO regiao (idregiao, descricao, codigo, idnativo, codigoerp, wsversao) SELECT 99999, 'REGIAO AUTOMACAO', 'AUTO', 1, 'CT#AUTO', 1 WHERE NOT EXISTS (SELECT 1 FROM regiao WHERE idregiao = 99999);</arg>
<arg>INSERT INTO segmento (idsegmento, descricao, idnativo, codigo, sigla, idnconsomecotasupervisor, codigoerp, wsversao) SELECT 99999, 'SEGMENTO AUTOMACAO', 1, 'AUTO', 'AUT', 0, 'CT#AUTO', 1 WHERE NOT EXISTS (SELECT 1 FROM segmento WHERE idsegmento = 99999);</arg>
<arg>COMMIT;</arg>
<doc>Catenates the given items together and returns the resulted string.</doc>
<msg timestamp="20260410 16:24:51.271" level="INFO">${query} = BEGIN;
UPDATE wsconfigentidade SET idnpermitevisualizar = 1, idnpermiteeditar = 1, idnpermitecadastrar = 1;
UPDATE wsconfigentidadecampo SET idnpermitevisualizar = 1, idnpermiteeditar = 1;
UPDATE wsco...</msg>
<status status="PASS" starttime="20260410 16:24:51.270" endtime="20260410 16:24:51.271"/>
</kw>
<kw name="Execute Sql String" library="DatabaseLibrary">
<arg>${query}</arg>
<doc>Executes the ``sql_string`` - as a single SQL command (default) or as separate statements.</doc>
<msg timestamp="20260410 16:24:51.273" level="INFO" html="true">Executing sql:&lt;br&gt;&lt;code style="font-weight: bold;"&gt;BEGIN;
UPDATE wsconfigentidade SET idnpermitevisualizar = 1, idnpermiteeditar = 1, idnpermitecadastrar = 1;
UPDATE wsconfigentidadecampo SET idnpermitevisualizar = 1, idnpermiteeditar = 1;
UPDATE wsconfigentidadecampo SET idnobrigatorio = 0;
UPDATE wsconfigentidadecampo SET idnobrigatorio = 1 WHERE labelcampo IN ('tipocliente', 'descricao', 'cidade', 'nome', 'parceiro', 'idnativo', 'profissional', 'sgltipopessoa', 'telefone', 'email', 'razaosocial', 'idnpessoafisica', 'cpf', 'login', 'perfilacesso', 'idnpadrao', 'datainicio', 'logradouro', 'nomeparceiro', 'numero', 'cnpj', 'nomeparceirofantasia');
INSERT INTO classificacaoparceiro (idclassificacaoparceiro, idnativo, percentualdesconto, descricao, sglclassificacao, ordem, codigoerp, wsversao) SELECT 99999, 1, 0, 'CLASSIFICACAO AUTOMACAO', 'AUTO', 1, 'CT#AUTO', 1 WHERE NOT EXISTS (SELECT 1 FROM classificacaoparceiro WHERE idclassificacaoparceiro = 99999);
INSERT INTO grupoparceiro (idgrupoparceiro, idnativo, descricao, codigoerp, wsversao, sglgrupoparceiro) SELECT 99999, 1, 'GRUPO AUTOMACAO', 'CT#AUTO', 1, 'AUTO' WHERE NOT EXISTS (SELECT 1 FROM grupoparceiro WHERE idgrupoparceiro = 99999);
INSERT INTO tipologia (idtipologia, idnativo, descricao, codigo, sgltipologia, codigoerp, wsversao) SELECT 99999, 1, 'TIPOLOGIA AUTOMACAO', 'AUTO', 'AUT', 'CT#AUTO', 1 WHERE NOT EXISTS (SELECT 1 FROM tipologia WHERE idtipologia = 99999);
INSERT INTO regiao (idregiao, descricao, codigo, idnativo, codigoerp, wsversao) SELECT 99999, 'REGIAO AUTOMACAO', 'AUTO', 1, 'CT#AUTO', 1 WHERE NOT EXISTS (SELECT 1 FROM regiao WHERE idregiao = 99999);
INSERT INTO segmento (idsegmento, descricao, idnativo, codigo, sigla, idnconsomecotasupervisor, codigoerp, wsversao) SELECT 99999, 'SEGMENTO AUTOMACAO', 1, 'AUTO', 'AUT', 0, 'CT#AUTO', 1 WHERE NOT EXISTS (SELECT 1 FROM segmento WHERE idsegmento = 99999);
COMMIT;&lt;/code&gt;</msg>
<msg timestamp="20260410 16:24:51.325" level="INFO">Commit the transaction</msg>
<status status="PASS" starttime="20260410 16:24:51.272" endtime="20260410 16:24:51.356"/>
</kw>
<kw name="Log To Console" library="BuiltIn">
<arg>✅ Banco preparado!</arg>
<doc>Logs the given message to the console.</doc>
<status status="PASS" starttime="20260410 16:24:51.357" endtime="20260410 16:24:51.358"/>
</kw>
<status status="PASS" starttime="20260410 16:24:51.269" endtime="20260410 16:24:51.358"/>
</kw>
<kw name="Abre navegador" library="navegadorResources">
<doc>Abre o navegador configurado. Em modo headless (CI/CD),
passe --variable HEADLESS:true na linha de comando do robot.</doc>
<if>
<branch type="IF" condition="'${HEADLESS}' == 'true'">
<kw name="Evaluate" library="BuiltIn">
<var>${options}</var>
<arg>selenium.webdriver.ChromeOptions()</arg>
<arg>modules=selenium.webdriver</arg>
<doc>Evaluates the given expression in Python and returns the result.</doc>
<status status="NOT RUN" starttime="20260410 16:24:51.360" endtime="20260410 16:24:51.360"/>
</kw>
<kw name="Call Method" library="BuiltIn">
<arg>${options}</arg>
<arg>add_argument</arg>
<arg>--headless=new</arg>
<doc>Calls the named method of the given object with the provided arguments.</doc>
<status status="NOT RUN" starttime="20260410 16:24:51.360" endtime="20260410 16:24:51.361"/>
</kw>
<kw name="Call Method" library="BuiltIn">
<arg>${options}</arg>
<arg>add_argument</arg>
<arg>--no-sandbox</arg>
<doc>Calls the named method of the given object with the provided arguments.</doc>
<status status="NOT RUN" starttime="20260410 16:24:51.361" endtime="20260410 16:24:51.361"/>
</kw>
<kw name="Call Method" library="BuiltIn">
<arg>${options}</arg>
<arg>add_argument</arg>
<arg>--disable-dev-shm-usage</arg>
<doc>Calls the named method of the given object with the provided arguments.</doc>
<status status="NOT RUN" starttime="20260410 16:24:51.361" endtime="20260410 16:24:51.361"/>
</kw>
<kw name="Call Method" library="BuiltIn">
<arg>${options}</arg>
<arg>add_argument</arg>
<arg>--window-size\=1920,1080</arg>
<doc>Calls the named method of the given object with the provided arguments.</doc>
<status status="NOT RUN" starttime="20260410 16:24:51.362" endtime="20260410 16:24:51.362"/>
</kw>
<kw name="Create Webdriver" library="SeleniumLibrary">
<arg>Chrome</arg>
<arg>options=${options}</arg>
<doc>Creates an instance of Selenium WebDriver.</doc>
<status status="NOT RUN" starttime="20260410 16:24:51.362" endtime="20260410 16:24:51.362"/>
</kw>
<kw name="Go To" library="SeleniumLibrary">
<arg>${aplicacao_web.urlWeb}</arg>
<doc>Navigates the current browser window to the provided ``url``.</doc>
<status status="NOT RUN" starttime="20260410 16:24:51.362" endtime="20260410 16:24:51.362"/>
</kw>
<status status="NOT RUN" starttime="20260410 16:24:51.359" endtime="20260410 16:24:51.362"/>
</branch>
<branch type="ELSE">
<kw name="Open Browser" library="SeleniumLibrary">
<arg>${aplicacao_web.urlWeb}</arg>
<arg>${aplicacao_web.navegadorWeb}</arg>
<doc>Opens a new browser instance to the optional ``url``.</doc>
<msg timestamp="20260410 16:24:51.369" level="INFO">Opening browser 'Chrome' to base url 'http://10.171.217.166:9001/totvscrmsfa/'.</msg>
<status status="PASS" starttime="20260410 16:24:51.363" endtime="20260410 16:24:58.495"/>
</kw>
<kw name="Maximize Browser Window" library="SeleniumLibrary">
<doc>Maximizes current browser window.</doc>
<status status="PASS" starttime="20260410 16:24:58.495" endtime="20260410 16:24:58.713"/>
</kw>
<status status="PASS" starttime="20260410 16:24:51.362" endtime="20260410 16:24:58.713"/>
</branch>
<status status="PASS" starttime="20260410 16:24:51.359" endtime="20260410 16:24:58.713"/>
</if>
<status status="PASS" starttime="20260410 16:24:51.358" endtime="20260410 16:24:58.714"/>
</kw>
<kw name="Realiza login na plataforma web" library="loginResources">
<doc>Irá realizar o login na plataforma web utilizando os dados informados no arquivo de variáveis.</doc>
<kw name="Input Text" library="SeleniumLibrary">
<arg>${TF_LOGIN}</arg>
<arg>${login_web.usuarioWeb}</arg>
<doc>Types the given ``text`` into the text field identified by ``locator``.</doc>
<msg timestamp="20260410 16:24:58.726" level="INFO">Typing text 'admin' into text field 'formusuario'.</msg>
<status status="PASS" starttime="20260410 16:24:58.715" endtime="20260410 16:24:59.224"/>
</kw>
<kw name="Input Text" library="SeleniumLibrary">
<arg>${TF_SENHA}</arg>
<arg>${login_web.senhaWeb}</arg>
<doc>Types the given ``text`` into the text field identified by ``locator``.</doc>
<msg timestamp="20260410 16:24:59.228" level="INFO">Typing text 'ws18012001' into text field 'formsenha'.</msg>
<status status="PASS" starttime="20260410 16:24:59.225" endtime="20260410 16:24:59.513"/>
</kw>
<kw name="Click Element" library="SeleniumLibrary">
<arg>id=${BTN_ENTRAR}</arg>
<doc>Click the element identified by ``locator``.</doc>
<msg timestamp="20260410 16:24:59.515" level="INFO">Clicking element 'id=btnGravar'.</msg>
<status status="PASS" starttime="20260410 16:24:59.513" endtime="20260410 16:25:01.473"/>
</kw>
<kw name="Wait Until Element Is Visible" library="SeleniumLibrary">
<arg>id=${logoff.acoes}</arg>
<arg>15s</arg>
<doc>Waits until the element ``locator`` is visible.</doc>
<status status="PASS" starttime="20260410 16:25:01.473" endtime="20260410 16:25:01.557"/>
</kw>
<status status="PASS" starttime="20260410 16:24:58.714" endtime="20260410 16:25:01.557"/>
</kw>
<status status="PASS" starttime="20260410 16:24:51.024" endtime="20260410 16:25:01.557"/>
</kw>
<test id="s1-t1" name="Teste 001 ::: Valida campos obrigatórios cadastro cliente" line="13">
<kw name="Acessa tela de cadastro de cliente" library="cadastroClienteResource">
<kw name="Go To" library="SeleniumLibrary">
<arg>${aplicacao_web.urlWeb}</arg>
<doc>Navigates the current browser window to the provided ``url``.</doc>
<msg timestamp="20260410 16:25:01.587" level="INFO">Opening url 'http://10.171.217.166:9001/totvscrmsfa/'</msg>
<status status="PASS" starttime="20260410 16:25:01.566" endtime="20260410 16:25:02.080"/>
</kw>
<kw name="Wait Until Element Is Not Visible" library="SeleniumLibrary">
<arg>class=minimalist-loading-background</arg>
<arg>30s</arg>
<doc>Waits until the element ``locator`` is not visible.</doc>
<status status="PASS" starttime="20260410 16:25:02.080" endtime="20260410 16:25:02.149"/>
</kw>
<kw name="Fecha Todos Os Popups" library="cadastroClienteResource">
<kw name="Execute Javascript" library="SeleniumLibrary">
<arg>document.querySelectorAll("[id^='popup']").forEach(function(popup) {</arg>
<arg>if (window.getComputedStyle(popup).display !== "none") {</arg>
<arg>var btn = popup.querySelector("[id*='btnCancelar'], [id*='btnVoltar'], .ui-dialog-titlebar-close");</arg>
<arg>if (btn) btn.click();</arg>
<arg>else popup.style.display = "none";</arg>
<arg>}</arg>
<arg>});</arg>
<doc>Executes the given JavaScript code with possible arguments.</doc>
<msg timestamp="20260410 16:25:02.151" level="INFO">Executing JavaScript:
document.querySelectorAll("[id^='popup']").forEach(function(popup) {if (window.getComputedStyle(popup).display !== "none") {var btn = popup.querySelector("[id*='btnCancelar'], [id*='btnVoltar'], .ui-dialog-titlebar-close");if (btn) btn.click();else popup.style.display = "none";}});
Without any arguments.</msg>
<status status="PASS" starttime="20260410 16:25:02.149" endtime="20260410 16:25:02.164"/>
</kw>
<kw name="Sleep" library="BuiltIn">
<arg>0.8s</arg>
<doc>Pauses the test executed for the given time.</doc>
<msg timestamp="20260410 16:25:02.965" level="INFO">Slept 800 milliseconds</msg>
<status status="PASS" starttime="20260410 16:25:02.164" endtime="20260410 16:25:02.965"/>
</kw>
<status status="PASS" starttime="20260410 16:25:02.149" endtime="20260410 16:25:02.966"/>
</kw>
<kw name="Click Element" library="SeleniumLibrary">
<arg>id=${cliente.menuCliente}</arg>
<doc>Click the element identified by ``locator``.</doc>
<msg timestamp="20260410 16:25:02.968" level="INFO">Clicking element 'id=cliente.menuMain'.</msg>
<status status="PASS" starttime="20260410 16:25:02.966" endtime="20260410 16:25:03.148"/>
</kw>
<kw name="Wait Until Element Is Visible" library="SeleniumLibrary">
<arg>id=${cliente.subMenuCliente}</arg>
<arg>15s</arg>
<doc>Waits until the element ``locator`` is visible.</doc>
<status status="PASS" starttime="20260410 16:25:03.149" endtime="20260410 16:25:03.212"/>
</kw>
<kw name="Click Element" library="SeleniumLibrary">
<arg>id=${cliente.subMenuCliente}</arg>
<doc>Click the element identified by ``locator``.</doc>
<msg timestamp="20260410 16:25:03.215" level="INFO">Clicking element 'id=menu.cliente.cadastrar'.</msg>
<status status="PASS" starttime="20260410 16:25:03.212" endtime="20260410 16:25:03.358"/>
</kw>
<kw name="Wait Until Element Is Visible" library="SeleniumLibrary">
<arg>id=${cliente.novoCliente}</arg>
<arg>15s</arg>
<doc>Waits until the element ``locator`` is visible.</doc>
<status status="PASS" starttime="20260410 16:25:03.358" endtime="20260410 16:25:03.694"/>
</kw>
<kw name="Click Element" library="SeleniumLibrary">
<arg>id=${cliente.novoCliente}</arg>
<doc>Click the element identified by ``locator``.</doc>
<msg timestamp="20260410 16:25:03.696" level="INFO">Clicking element 'id=menu.cliente.cadastrar.novo'.</msg>
<status status="PASS" starttime="20260410 16:25:03.694" endtime="20260410 16:25:05.564"/>
</kw>
<kw name="Wait Until Page Contains Element" library="SeleniumLibrary">
<arg>xpath=${tituloPaginaCadastroCLiente}</arg>
<arg>20s</arg>
<doc>Waits until the element ``locator`` appears on the current page.</doc>
<status status="PASS" starttime="20260410 16:25:05.564" endtime="20260410 16:25:05.611"/>
</kw>
<status status="PASS" starttime="20260410 16:25:01.564" endtime="20260410 16:25:05.612"/>
</kw>
<kw name="Valida campos obrigatorios do cliente" library="cadastroClienteResource">
<kw name="Click Forcado JS" library="cadastroClienteResource">
<arg>id=${btnGravarCadastro}</arg>
<kw name="Wait Until Page Contains Element" library="SeleniumLibrary">
<arg>${locator}</arg>
<arg>15s</arg>
<doc>Waits until the element ``locator`` appears on the current page.</doc>
<status status="PASS" starttime="20260410 16:25:05.615" endtime="20260410 16:25:05.639"/>
</kw>
<kw name="Get WebElement" library="SeleniumLibrary">
<var>${element}</var>
<arg>${locator}</arg>
<doc>Returns the first WebElement matching the given ``locator``.</doc>
<msg timestamp="20260410 16:25:05.661" level="INFO">${element} = &lt;selenium.webdriver.remote.webelement.WebElement (session="345377e67de62b2cba891a014522ee9a", element="f.B9612CC0DBABE5B860FF0E5BFBF9A013.d.3FCEDF1EB70226A1847466E8EC3C3FD9.e.277")&gt;</msg>
<status status="PASS" starttime="20260410 16:25:05.640" endtime="20260410 16:25:05.661"/>
</kw>
<kw name="Execute Javascript" library="SeleniumLibrary">
<arg>arguments[0].click();</arg>
<arg>ARGUMENTS</arg>
<arg>${element}</arg>
<doc>Executes the given JavaScript code with possible arguments.</doc>
<msg timestamp="20260410 16:25:05.663" level="INFO">Executing JavaScript:
arguments[0].click();
By using argument:
'&lt;selenium.webdriver.remote.webelement.WebElement (session="345377e67de62b2cba891a014522ee9a", element="f.B9612CC0DBABE5B860FF0E5BFBF9A013.d.3FCEDF1EB70226A1847466E8EC3C3FD9.e.277")&gt;'</msg>
<status status="PASS" starttime="20260410 16:25:05.662" endtime="20260410 16:25:05.693"/>
</kw>
<status status="PASS" starttime="20260410 16:25:05.615" endtime="20260410 16:25:05.694"/>
</kw>
<kw name="Sleep" library="BuiltIn">
<arg>1s</arg>
<doc>Pauses the test executed for the given time.</doc>
<msg timestamp="20260410 16:25:06.696" level="INFO">Slept 1 second</msg>
<status status="PASS" starttime="20260410 16:25:05.694" endtime="20260410 16:25:06.697"/>
</kw>
<kw name="Run Keyword And Return Status" library="BuiltIn">
<var>${tem_alert}</var>
<arg>Wait Until Element Is Visible</arg>
<arg>css=.alert</arg>
<arg>5s</arg>
<doc>Runs the given keyword with given arguments and returns the status as a Boolean value.</doc>
<kw name="Wait Until Element Is Visible" library="SeleniumLibrary">
<arg>css=.alert</arg>
<arg>5s</arg>
<doc>Waits until the element ``locator`` is visible.</doc>
<status status="PASS" starttime="20260410 16:25:06.698" endtime="20260410 16:25:06.769"/>
</kw>
<msg timestamp="20260410 16:25:06.769" level="INFO">${tem_alert} = True</msg>
<status status="PASS" starttime="20260410 16:25:06.697" endtime="20260410 16:25:06.769"/>
</kw>
<kw name="Run Keyword And Return Status" library="BuiltIn">
<var>${tem_growl}</var>
<arg>Wait Until Element Is Visible</arg>
<arg>css=.jGrowl-message</arg>
<arg>5s</arg>
<doc>Runs the given keyword with given arguments and returns the status as a Boolean value.</doc>
<kw name="Wait Until Element Is Visible" library="SeleniumLibrary">
<arg>css=.jGrowl-message</arg>
<arg>5s</arg>
<doc>Waits until the element ``locator`` is visible.</doc>
<status status="PASS" starttime="20260410 16:25:06.770" endtime="20260410 16:25:06.848"/>
</kw>
<msg timestamp="20260410 16:25:06.848" level="INFO">${tem_growl} = True</msg>
<status status="PASS" starttime="20260410 16:25:06.769" endtime="20260410 16:25:06.848"/>
</kw>
<kw name="Run Keyword If" library="BuiltIn">
<arg>not ${tem_alert} and not ${tem_growl}</arg>
<arg>Fail</arg>
<arg>Nenhuma mensagem de erro exibida ao tentar gravar cadastro vazio</arg>
<doc>Runs the given keyword with the given arguments, if ``condition`` is true.</doc>
<status status="PASS" starttime="20260410 16:25:06.849" endtime="20260410 16:25:06.849"/>
</kw>
<kw name="Log To Console" library="BuiltIn">
<arg>✅ Campos obrigatórios validados com sucesso!</arg>
<doc>Logs the given message to the console.</doc>
<status status="PASS" starttime="20260410 16:25:06.849" endtime="20260410 16:25:06.850"/>
</kw>
<status status="PASS" starttime="20260410 16:25:05.614" endtime="20260410 16:25:06.850"/>
</kw>
<doc>DTSFASAPP-T59: Tenta gravar cadastro vazio e valida mensagens de erro.</doc>
<status status="PASS" starttime="20260410 16:25:01.558" endtime="20260410 16:25:06.851"/>
</test>
<test id="s1-t2" name="Teste 002 ::: Cadastro de cliente Pessoa Jurídica" line="18">
<kw name="Acessa tela de cadastro de cliente" library="cadastroClienteResource">
<kw name="Go To" library="SeleniumLibrary">
<arg>${aplicacao_web.urlWeb}</arg>
<doc>Navigates the current browser window to the provided ``url``.</doc>
<msg timestamp="20260410 16:25:06.865" level="INFO">Opening url 'http://10.171.217.166:9001/totvscrmsfa/'</msg>
<status status="PASS" starttime="20260410 16:25:06.858" endtime="20260410 16:25:06.944"/>
</kw>
<kw name="Wait Until Element Is Not Visible" library="SeleniumLibrary">
<arg>class=minimalist-loading-background</arg>
<arg>30s</arg>
<doc>Waits until the element ``locator`` is not visible.</doc>
<msg timestamp="20260410 16:25:07.335" level="INFO">Suppressing StaleElementReferenceException from Selenium.</msg>
<status status="PASS" starttime="20260410 16:25:06.944" endtime="20260410 16:25:07.550"/>
</kw>
<kw name="Fecha Todos Os Popups" library="cadastroClienteResource">
<kw name="Execute Javascript" library="SeleniumLibrary">
<arg>document.querySelectorAll("[id^='popup']").forEach(function(popup) {</arg>
<arg>if (window.getComputedStyle(popup).display !== "none") {</arg>
<arg>var btn = popup.querySelector("[id*='btnCancelar'], [id*='btnVoltar'], .ui-dialog-titlebar-close");</arg>
<arg>if (btn) btn.click();</arg>
<arg>else popup.style.display = "none";</arg>
<arg>}</arg>
<arg>});</arg>
<doc>Executes the given JavaScript code with possible arguments.</doc>
<msg timestamp="20260410 16:25:07.555" level="INFO">Executing JavaScript:
document.querySelectorAll("[id^='popup']").forEach(function(popup) {if (window.getComputedStyle(popup).display !== "none") {var btn = popup.querySelector("[id*='btnCancelar'], [id*='btnVoltar'], .ui-dialog-titlebar-close");if (btn) btn.click();else popup.style.display = "none";}});
Without any arguments.</msg>
<status status="PASS" starttime="20260410 16:25:07.551" endtime="20260410 16:25:07.565"/>
</kw>
<kw name="Sleep" library="BuiltIn">
<arg>0.8s</arg>
<doc>Pauses the test executed for the given time.</doc>
<msg timestamp="20260410 16:25:08.366" level="INFO">Slept 800 milliseconds</msg>
<status status="PASS" starttime="20260410 16:25:07.565" endtime="20260410 16:25:08.366"/>
</kw>
<status status="PASS" starttime="20260410 16:25:07.550" endtime="20260410 16:25:08.367"/>
</kw>
<kw name="Click Element" library="SeleniumLibrary">
<arg>id=${cliente.menuCliente}</arg>
<doc>Click the element identified by ``locator``.</doc>
<msg timestamp="20260410 16:25:08.370" level="INFO">Clicking element 'id=cliente.menuMain'.</msg>
<status status="PASS" starttime="20260410 16:25:08.367" endtime="20260410 16:25:08.500"/>
</kw>
<kw name="Wait Until Element Is Visible" library="SeleniumLibrary">
<arg>id=${cliente.subMenuCliente}</arg>
<arg>15s</arg>
<doc>Waits until the element ``locator`` is visible.</doc>
<status status="PASS" starttime="20260410 16:25:08.500" endtime="20260410 16:25:08.775"/>
</kw>
<kw name="Click Element" library="SeleniumLibrary">
<arg>id=${cliente.subMenuCliente}</arg>
<doc>Click the element identified by ``locator``.</doc>
<msg timestamp="20260410 16:25:08.777" level="INFO">Clicking element 'id=menu.cliente.cadastrar'.</msg>
<status status="PASS" starttime="20260410 16:25:08.775" endtime="20260410 16:25:08.967"/>
</kw>
<kw name="Wait Until Element Is Visible" library="SeleniumLibrary">
<arg>id=${cliente.novoCliente}</arg>
<arg>15s</arg>
<doc>Waits until the element ``locator`` is visible.</doc>
<status status="PASS" starttime="20260410 16:25:08.968" endtime="20260410 16:25:09.225"/>
</kw>
<kw name="Click Element" library="SeleniumLibrary">
<arg>id=${cliente.novoCliente}</arg>
<doc>Click the element identified by ``locator``.</doc>
<msg timestamp="20260410 16:25:09.227" level="INFO">Clicking element 'id=menu.cliente.cadastrar.novo'.</msg>
<status status="PASS" starttime="20260410 16:25:09.225" endtime="20260410 16:25:10.665"/>
</kw>
<kw name="Wait Until Page Contains Element" library="SeleniumLibrary">
<arg>xpath=${tituloPaginaCadastroCLiente}</arg>
<arg>20s</arg>
<doc>Waits until the element ``locator`` appears on the current page.</doc>
<status status="PASS" starttime="20260410 16:25:10.665" endtime="20260410 16:25:10.691"/>
</kw>
<status status="PASS" starttime="20260410 16:25:06.856" endtime="20260410 16:25:10.691"/>
</kw>
<kw name="Cadastra cliente juridico" library="cadastroClienteResource">
<kw name="Preenche dados gerais pessoa juridica" library="cadastroClienteResource">
<kw name="Evaluate" library="BuiltIn">
<var>${idRand}</var>
<arg>int(time.time() * 1000)</arg>
<doc>Evaluates the given expression in Python and returns the result.</doc>
<msg timestamp="20260410 16:25:10.693" level="INFO">${idRand} = 1775849110693</msg>
<status status="PASS" starttime="20260410 16:25:10.693" endtime="20260410 16:25:10.694"/>
</kw>
<kw name="Set Test Variable" library="BuiltIn">
<arg>${nome}</arg>
<arg>Cliente Automação PJ ${idRand}</arg>
<doc>Makes a variable available everywhere within the scope of the current test.</doc>
<msg timestamp="20260410 16:25:10.696" level="INFO">${nome} = Cliente Automação PJ 1775849110693</msg>
<status status="PASS" starttime="20260410 16:25:10.694" endtime="20260410 16:25:10.696"/>
</kw>
<kw name="Click Forcado JS" library="cadastroClienteResource">
<arg>xpath=${geralCliente.pessoajuridica}</arg>
<kw name="Wait Until Page Contains Element" library="SeleniumLibrary">
<arg>${locator}</arg>
<arg>15s</arg>
<doc>Waits until the element ``locator`` appears on the current page.</doc>
<status status="PASS" starttime="20260410 16:25:10.699" endtime="20260410 16:25:10.732"/>
</kw>
<kw name="Get WebElement" library="SeleniumLibrary">
<var>${element}</var>
<arg>${locator}</arg>
<doc>Returns the first WebElement matching the given ``locator``.</doc>
<msg timestamp="20260410 16:25:10.749" level="INFO">${element} = &lt;selenium.webdriver.remote.webelement.WebElement (session="345377e67de62b2cba891a014522ee9a", element="f.B9612CC0DBABE5B860FF0E5BFBF9A013.d.715E6F660013C0B4919259DBB1F53DB8.e.529")&gt;</msg>
<status status="PASS" starttime="20260410 16:25:10.732" endtime="20260410 16:25:10.749"/>
</kw>
<kw name="Execute Javascript" library="SeleniumLibrary">
<arg>arguments[0].click();</arg>
<arg>ARGUMENTS</arg>
<arg>${element}</arg>
<doc>Executes the given JavaScript code with possible arguments.</doc>
<msg timestamp="20260410 16:25:10.750" level="INFO">Executing JavaScript:
arguments[0].click();
By using argument:
'&lt;selenium.webdriver.remote.webelement.WebElement (session="345377e67de62b2cba891a014522ee9a", element="f.B9612CC0DBABE5B860FF0E5BFBF9A013.d.715E6F660013C0B4919259DBB1F53DB8.e.529")&gt;'</msg>
<status status="PASS" starttime="20260410 16:25:10.749" endtime="20260410 16:25:10.765"/>
</kw>
<status status="PASS" starttime="20260410 16:25:10.696" endtime="20260410 16:25:10.765"/>
</kw>
<kw name="Digita No Campo JS" library="cadastroClienteResource">
<arg>name=${geralCliente.nomeCliente}</arg>
<arg>${nome}</arg>
<kw name="Wait Until Page Contains Element" library="SeleniumLibrary">
<arg>${locator}</arg>
<arg>15s</arg>
<doc>Waits until the element ``locator`` appears on the current page.</doc>
<status status="PASS" starttime="20260410 16:25:10.767" endtime="20260410 16:25:10.793"/>
</kw>
<kw name="Get WebElement" library="SeleniumLibrary">
<var>${element}</var>
<arg>${locator}</arg>
<doc>Returns the first WebElement matching the given ``locator``.</doc>
<msg timestamp="20260410 16:25:10.809" level="INFO">${element} = &lt;selenium.webdriver.remote.webelement.WebElement (session="345377e67de62b2cba891a014522ee9a", element="f.B9612CC0DBABE5B860FF0E5BFBF9A013.d.715E6F660013C0B4919259DBB1F53DB8.e.396")&gt;</msg>
<status status="PASS" starttime="20260410 16:25:10.793" endtime="20260410 16:25:10.809"/>
</kw>
<kw name="Execute Javascript" library="SeleniumLibrary">
<arg>arguments[0].scrollIntoView({block: "center", behavior: "instant"});</arg>
<arg>arguments[0].focus();</arg>
<arg>arguments[0].value = "";</arg>
<arg>arguments[0].value = arguments[1];</arg>
<arg>arguments[0].dispatchEvent(new Event("input", {bubbles: true}));</arg>
<arg>arguments[0].dispatchEvent(new Event("change", {bubbles: true}));</arg>
<arg>ARGUMENTS</arg>
<arg>${element}</arg>
<arg>${valor}</arg>
<doc>Executes the given JavaScript code with possible arguments.</doc>
<msg timestamp="20260410 16:25:10.810" level="INFO">Executing JavaScript:
arguments[0].scrollIntoView({block: "center", behavior: "instant"});arguments[0].focus();arguments[0].value = "";arguments[0].value = arguments[1];arguments[0].dispatchEvent(new Event("input", {bubbles: true}));arguments[0].dispatchEvent(new Event("change", {bubbles: true}));
By using arguments:
'&lt;selenium.webdriver.remote.webelement.WebElement (session="345377e67de62b2cba891a014522ee9a", element="f.B9612CC0DBABE5B860FF0E5BFBF9A013.d.715E6F660013C0B4919259DBB1F53DB8.e.396")&gt;' and 'Cliente Automação PJ 1775849110693'</msg>
<status status="PASS" starttime="20260410 16:25:10.809" endtime="20260410 16:25:10.826"/>
</kw>
<kw name="Sleep" library="BuiltIn">
<arg>0.2s</arg>
<doc>Pauses the test executed for the given time.</doc>
<msg timestamp="20260410 16:25:11.027" level="INFO">Slept 200 milliseconds</msg>
<status status="PASS" starttime="20260410 16:25:10.826" endtime="20260410 16:25:11.027"/>
</kw>
<status status="PASS" starttime="20260410 16:25:10.765" endtime="20260410 16:25:11.027"/>
</kw>
<kw name="Digita No Campo JS" library="cadastroClienteResource">
<arg>name=${geralCliente.fantasiaCliente}</arg>
<arg>${nome}</arg>
<kw name="Wait Until Page Contains Element" library="SeleniumLibrary">
<arg>${locator}</arg>
<arg>15s</arg>
<doc>Waits until the element ``locator`` appears on the current page.</doc>
<status status="PASS" starttime="20260410 16:25:11.030" endtime="20260410 16:25:11.051"/>
</kw>
<kw name="Get WebElement" library="SeleniumLibrary">
<var>${element}</var>
<arg>${locator}</arg>
<doc>Returns the first WebElement matching the given ``locator``.</doc>
<msg timestamp="20260410 16:25:11.067" level="INFO">${element} = &lt;selenium.webdriver.remote.webelement.WebElement (session="345377e67de62b2cba891a014522ee9a", element="f.B9612CC0DBABE5B860FF0E5BFBF9A013.d.715E6F660013C0B4919259DBB1F53DB8.e.397")&gt;</msg>
<status status="PASS" starttime="20260410 16:25:11.051" endtime="20260410 16:25:11.067"/>
</kw>
<kw name="Execute Javascript" library="SeleniumLibrary">
<arg>arguments[0].scrollIntoView({block: "center", behavior: "instant"});</arg>
<arg>arguments[0].focus();</arg>
<arg>arguments[0].value = "";</arg>
<arg>arguments[0].value = arguments[1];</arg>
<arg>arguments[0].dispatchEvent(new Event("input", {bubbles: true}));</arg>
<arg>arguments[0].dispatchEvent(new Event("change", {bubbles: true}));</arg>
<arg>ARGUMENTS</arg>
<arg>${element}</arg>
<arg>${valor}</arg>
<doc>Executes the given JavaScript code with possible arguments.</doc>
<msg timestamp="20260410 16:25:11.068" level="INFO">Executing JavaScript:
arguments[0].scrollIntoView({block: "center", behavior: "instant"});arguments[0].focus();arguments[0].value = "";arguments[0].value = arguments[1];arguments[0].dispatchEvent(new Event("input", {bubbles: true}));arguments[0].dispatchEvent(new Event("change", {bubbles: true}));
By using arguments:
'&lt;selenium.webdriver.remote.webelement.WebElement (session="345377e67de62b2cba891a014522ee9a", element="f.B9612CC0DBABE5B860FF0E5BFBF9A013.d.715E6F660013C0B4919259DBB1F53DB8.e.397")&gt;' and 'Cliente Automação PJ 1775849110693'</msg>
<status status="PASS" starttime="20260410 16:25:11.067" endtime="20260410 16:25:11.086"/>
</kw>
<kw name="Sleep" library="BuiltIn">
<arg>0.2s</arg>
<doc>Pauses the test executed for the given time.</doc>
<msg timestamp="20260410 16:25:11.287" level="INFO">Slept 200 milliseconds</msg>
<status status="PASS" starttime="20260410 16:25:11.087" endtime="20260410 16:25:11.287"/>
</kw>
<status status="PASS" starttime="20260410 16:25:11.028" endtime="20260410 16:25:11.288"/>
</kw>
<kw name="Digita No Campo JS" library="cadastroClienteResource">
<arg>name=${geralCliente.numeroMatricula}</arg>
<arg>${idRand}</arg>
<kw name="Wait Until Page Contains Element" library="SeleniumLibrary">
<arg>${locator}</arg>
<arg>15s</arg>
<doc>Waits until the element ``locator`` appears on the current page.</doc>
<status status="PASS" starttime="20260410 16:25:11.289" endtime="20260410 16:25:11.307"/>
</kw>
<kw name="Get WebElement" library="SeleniumLibrary">
<var>${element}</var>
<arg>${locator}</arg>
<doc>Returns the first WebElement matching the given ``locator``.</doc>
<msg timestamp="20260410 16:25:11.340" level="INFO">${element} = &lt;selenium.webdriver.remote.webelement.WebElement (session="345377e67de62b2cba891a014522ee9a", element="f.B9612CC0DBABE5B860FF0E5BFBF9A013.d.715E6F660013C0B4919259DBB1F53DB8.e.398")&gt;</msg>
<status status="PASS" starttime="20260410 16:25:11.307" endtime="20260410 16:25:11.340"/>
</kw>
<kw name="Execute Javascript" library="SeleniumLibrary">
<arg>arguments[0].scrollIntoView({block: "center", behavior: "instant"});</arg>
<arg>arguments[0].focus();</arg>
<arg>arguments[0].value = "";</arg>
<arg>arguments[0].value = arguments[1];</arg>
<arg>arguments[0].dispatchEvent(new Event("input", {bubbles: true}));</arg>
<arg>arguments[0].dispatchEvent(new Event("change", {bubbles: true}));</arg>
<arg>ARGUMENTS</arg>
<arg>${element}</arg>
<arg>${valor}</arg>
<doc>Executes the given JavaScript code with possible arguments.</doc>
<msg timestamp="20260410 16:25:11.341" level="INFO">Executing JavaScript:
arguments[0].scrollIntoView({block: "center", behavior: "instant"});arguments[0].focus();arguments[0].value = "";arguments[0].value = arguments[1];arguments[0].dispatchEvent(new Event("input", {bubbles: true}));arguments[0].dispatchEvent(new Event("change", {bubbles: true}));
By using arguments:
'&lt;selenium.webdriver.remote.webelement.WebElement (session="345377e67de62b2cba891a014522ee9a", element="f.B9612CC0DBABE5B860FF0E5BFBF9A013.d.715E6F660013C0B4919259DBB1F53DB8.e.398")&gt;' and '1775849110693'</msg>
<status status="PASS" starttime="20260410 16:25:11.340" endtime="20260410 16:25:11.357"/>
</kw>
<kw name="Sleep" library="BuiltIn">
<arg>0.2s</arg>
<doc>Pauses the test executed for the given time.</doc>
<msg timestamp="20260410 16:25:11.558" level="INFO">Slept 200 milliseconds</msg>
<status status="PASS" starttime="20260410 16:25:11.358" endtime="20260410 16:25:11.559"/>
</kw>
<status status="PASS" starttime="20260410 16:25:11.288" endtime="20260410 16:25:11.559"/>
</kw>
<kw name="Selecionar primeira opcao valida do select" library="cadastroClienteResource">
<arg>parceiro_classificacaoparceiro</arg>
<kw name="Wait Until Page Contains Element" library="SeleniumLibrary">
<arg>xpath=//select[@name='${nome_select}']</arg>
<arg>10s</arg>
<doc>Waits until the element ``locator`` appears on the current page.</doc>
<status status="PASS" starttime="20260410 16:25:11.559" endtime="20260410 16:25:11.580"/>
</kw>
<kw name="Execute Javascript" library="SeleniumLibrary">
<arg>var sel = document.querySelector("select[name='${nome_select}']");</arg>
<arg>if (sel) sel.removeAttribute('disabled');</arg>
<doc>Executes the given JavaScript code with possible arguments.</doc>
<msg timestamp="20260410 16:25:11.581" level="INFO">Executing JavaScript:
var sel = document.querySelector("select[name='parceiro_classificacaoparceiro']");if (sel) sel.removeAttribute('disabled');
Without any arguments.</msg>
<status status="PASS" starttime="20260410 16:25:11.580" endtime="20260410 16:25:11.592"/>
</kw>
<kw name="Execute Javascript" library="SeleniumLibrary">
<arg>var sel = document.querySelector("select[name='${nome_select}']");</arg>
<arg>if (sel &amp;&amp; sel.options.length &gt; 1) {</arg>
<arg>sel.selectedIndex = 1;</arg>
<arg>sel.dispatchEvent(new Event('change', {bubbles: true}));</arg>
<arg>}</arg>
<doc>Executes the given JavaScript code with possible arguments.</doc>
<msg timestamp="20260410 16:25:11.593" level="INFO">Executing JavaScript:
var sel = document.querySelector("select[name='parceiro_classificacaoparceiro']");if (sel &amp;&amp; sel.options.length &gt; 1) {sel.selectedIndex = 1;sel.dispatchEvent(new Event('change', {bubbles: true}));}
Without any arguments.</msg>
<status status="PASS" starttime="20260410 16:25:11.592" endtime="20260410 16:25:11.607"/>
</kw>
<kw name="Sleep" library="BuiltIn">
<arg>0.3s</arg>
<doc>Pauses the test executed for the given time.</doc>
<msg timestamp="20260410 16:25:11.908" level="INFO">Slept 300 milliseconds</msg>
<status status="PASS" starttime="20260410 16:25:11.607" endtime="20260410 16:25:11.908"/>
</kw>
<status status="PASS" starttime="20260410 16:25:11.559" endtime="20260410 16:25:11.908"/>
</kw>
<kw name="Digita No Campo JS" library="cadastroClienteResource">
<arg>name=parceiro_homepage</arg>
<arg>www.automacao.com.br</arg>
<kw name="Wait Until Page Contains Element" library="SeleniumLibrary">
<arg>${locator}</arg>
<arg>15s</arg>
<doc>Waits until the element ``locator`` appears on the current page.</doc>
<status status="PASS" starttime="20260410 16:25:11.909" endtime="20260410 16:25:11.949"/>
</kw>
<kw name="Get WebElement" library="SeleniumLibrary">
<var>${element}</var>
<arg>${locator}</arg>
<doc>Returns the first WebElement matching the given ``locator``.</doc>
<msg timestamp="20260410 16:25:11.977" level="INFO">${element} = &lt;selenium.webdriver.remote.webelement.WebElement (session="345377e67de62b2cba891a014522ee9a", element="f.B9612CC0DBABE5B860FF0E5BFBF9A013.d.715E6F660013C0B4919259DBB1F53DB8.e.400")&gt;</msg>
<status status="PASS" starttime="20260410 16:25:11.950" endtime="20260410 16:25:11.977"/>
</kw>
<kw name="Execute Javascript" library="SeleniumLibrary">
<arg>arguments[0].scrollIntoView({block: "center", behavior: "instant"});</arg>
<arg>arguments[0].focus();</arg>
<arg>arguments[0].value = "";</arg>
<arg>arguments[0].value = arguments[1];</arg>
<arg>arguments[0].dispatchEvent(new Event("input", {bubbles: true}));</arg>
<arg>arguments[0].dispatchEvent(new Event("change", {bubbles: true}));</arg>
<arg>ARGUMENTS</arg>
<arg>${element}</arg>
<arg>${valor}</arg>
<doc>Executes the given JavaScript code with possible arguments.</doc>
<msg timestamp="20260410 16:25:11.978" level="INFO">Executing JavaScript:
arguments[0].scrollIntoView({block: "center", behavior: "instant"});arguments[0].focus();arguments[0].value = "";arguments[0].value = arguments[1];arguments[0].dispatchEvent(new Event("input", {bubbles: true}));arguments[0].dispatchEvent(new Event("change", {bubbles: true}));
By using arguments:
'&lt;selenium.webdriver.remote.webelement.WebElement (session="345377e67de62b2cba891a014522ee9a", element="f.B9612CC0DBABE5B860FF0E5BFBF9A013.d.715E6F660013C0B4919259DBB1F53DB8.e.400")&gt;' and 'www.automacao.com.br'</msg>
<status status="PASS" starttime="20260410 16:25:11.977" endtime="20260410 16:25:11.994"/>
</kw>
<kw name="Sleep" library="BuiltIn">
<arg>0.2s</arg>
<doc>Pauses the test executed for the given time.</doc>
<msg timestamp="20260410 16:25:12.194" level="INFO">Slept 200 milliseconds</msg>
<status status="PASS" starttime="20260410 16:25:11.994" endtime="20260410 16:25:12.195"/>
</kw>
<status status="PASS" starttime="20260410 16:25:11.908" endtime="20260410 16:25:12.195"/>
</kw>
<kw name="Rolar Painel Cliente Ate" library="cadastroClienteResource">
<arg>name=parceiro_grupoparceiro</arg>
<kw name="Wait Until Page Contains Element" library="SeleniumLibrary">
<arg>${locator}</arg>
<arg>15s</arg>
<doc>Waits until the element ``locator`` appears on the current page.</doc>
<status status="PASS" starttime="20260410 16:25:12.197" endtime="20260410 16:25:12.215"/>
</kw>
<kw name="Get WebElement" library="SeleniumLibrary">
<var>${element}</var>
<arg>${locator}</arg>
<doc>Returns the first WebElement matching the given ``locator``.</doc>
<msg timestamp="20260410 16:25:12.234" level="INFO">${element} = &lt;selenium.webdriver.remote.webelement.WebElement (session="345377e67de62b2cba891a014522ee9a", element="f.B9612CC0DBABE5B860FF0E5BFBF9A013.d.715E6F660013C0B4919259DBB1F53DB8.e.538")&gt;</msg>
<status status="PASS" starttime="20260410 16:25:12.215" endtime="20260410 16:25:12.234"/>
</kw>
<kw name="Execute Javascript" library="SeleniumLibrary">
<arg>var c = document.querySelector(".cliente-container");</arg>
<arg>if(c) { c.scrollTop = arguments[0].offsetTop - 100; }</arg>
<arg>arguments[0].scrollIntoView({block: "center"});</arg>
<arg>ARGUMENTS</arg>
<arg>${element}</arg>
<doc>Executes the given JavaScript code with possible arguments.</doc>
<msg timestamp="20260410 16:25:12.235" level="INFO">Executing JavaScript:
var c = document.querySelector(".cliente-container");if(c) { c.scrollTop = arguments[0].offsetTop - 100; }arguments[0].scrollIntoView({block: "center"});
By using argument:
'&lt;selenium.webdriver.remote.webelement.WebElement (session="345377e67de62b2cba891a014522ee9a", element="f.B9612CC0DBABE5B860FF0E5BFBF9A013.d.715E6F660013C0B4919259DBB1F53DB8.e.538")&gt;'</msg>
<status status="PASS" starttime="20260410 16:25:12.234" endtime="20260410 16:25:12.250"/>
</kw>
<kw name="Sleep" library="BuiltIn">
<arg>0.4s</arg>
<doc>Pauses the test executed for the given time.</doc>
<msg timestamp="20260410 16:25:12.652" level="INFO">Slept 400 milliseconds</msg>
<status status="PASS" starttime="20260410 16:25:12.250" endtime="20260410 16:25:12.652"/>
</kw>
<status status="PASS" starttime="20260410 16:25:12.195" endtime="20260410 16:25:12.653"/>
</kw>
<kw name="Selecionar Lupa Padrao Cypress" library="cadastroClienteResource">
<arg>parceiro_grupoparceiro</arg>
<kw name="Set Variable" library="BuiltIn">
<var>${lupa}</var>
<arg>xpath=(//*[@name='${nome_input}']/..//*[contains(@class, 'ui-button') or contains(@class, 'icon-search') or contains(@class, 'btn-pesquisa') or self::button])[1]</arg>
<doc>Returns the given values which can then be assigned to a variables.</doc>
<msg timestamp="20260410 16:25:12.656" level="INFO">${lupa} = xpath=(//*[@name='parceiro_grupoparceiro']/..//*[contains(@class, 'ui-button') or contains(@class, 'icon-search') or contains(@class, 'btn-pesquisa') or self::button])[1]</msg>
<status status="PASS" starttime="20260410 16:25:12.656" endtime="20260410 16:25:12.657"/>
</kw>
<kw name="Click Forcado JS" library="cadastroClienteResource">
<arg>${lupa}</arg>
<kw name="Wait Until Page Contains Element" library="SeleniumLibrary">
<arg>${locator}</arg>
<arg>15s</arg>
<doc>Waits until the element ``locator`` appears on the current page.</doc>
<status status="PASS" starttime="20260410 16:25:12.658" endtime="20260410 16:25:12.722"/>
</kw>
<kw name="Get WebElement" library="SeleniumLibrary">
<var>${element}</var>
<arg>${locator}</arg>
<doc>Returns the first WebElement matching the given ``locator``.</doc>
<msg timestamp="20260410 16:25:12.772" level="INFO">${element} = &lt;selenium.webdriver.remote.webelement.WebElement (session="345377e67de62b2cba891a014522ee9a", element="f.B9612CC0DBABE5B860FF0E5BFBF9A013.d.715E6F660013C0B4919259DBB1F53DB8.e.539")&gt;</msg>
<status status="PASS" starttime="20260410 16:25:12.723" endtime="20260410 16:25:12.772"/>
</kw>
<kw name="Execute Javascript" library="SeleniumLibrary">
<arg>arguments[0].click();</arg>
<arg>ARGUMENTS</arg>
<arg>${element}</arg>
<doc>Executes the given JavaScript code with possible arguments.</doc>
<msg timestamp="20260410 16:25:12.774" level="INFO">Executing JavaScript:
arguments[0].click();
By using argument:
'&lt;selenium.webdriver.remote.webelement.WebElement (session="345377e67de62b2cba891a014522ee9a", element="f.B9612CC0DBABE5B860FF0E5BFBF9A013.d.715E6F660013C0B4919259DBB1F53DB8.e.539")&gt;'</msg>
<status status="PASS" starttime="20260410 16:25:12.773" endtime="20260410 16:25:12.808"/>
</kw>
<status status="PASS" starttime="20260410 16:25:12.657" endtime="20260410 16:25:12.808"/>
</kw>
<kw name="Wait Until Element Is Visible" library="SeleniumLibrary">
<arg>css=.slick-cell</arg>
<arg>20s</arg>
<doc>Waits until the element ``locator`` is visible.</doc>
<status status="PASS" starttime="20260410 16:25:12.808" endtime="20260410 16:25:13.144"/>
</kw>
<kw name="Click Forcado JS" library="cadastroClienteResource">
<arg>css=.slick-cell</arg>
<kw name="Wait Until Page Contains Element" library="SeleniumLibrary">
<arg>${locator}</arg>
<arg>15s</arg>
<doc>Waits until the element ``locator`` appears on the current page.</doc>
<status status="PASS" starttime="20260410 16:25:13.145" endtime="20260410 16:25:13.216"/>
</kw>
<kw name="Get WebElement" library="SeleniumLibrary">
<var>${element}</var>
<arg>${locator}</arg>
<doc>Returns the first WebElement matching the given ``locator``.</doc>
<msg timestamp="20260410 16:25:13.271" level="INFO">${element} = &lt;selenium.webdriver.remote.webelement.WebElement (session="345377e67de62b2cba891a014522ee9a", element="f.B9612CC0DBABE5B860FF0E5BFBF9A013.d.715E6F660013C0B4919259DBB1F53DB8.e.556")&gt;</msg>
<status status="PASS" starttime="20260410 16:25:13.216" endtime="20260410 16:25:13.271"/>
</kw>
<kw name="Execute Javascript" library="SeleniumLibrary">
<arg>arguments[0].click();</arg>
<arg>ARGUMENTS</arg>
<arg>${element}</arg>
<doc>Executes the given JavaScript code with possible arguments.</doc>
<msg timestamp="20260410 16:25:13.272" level="INFO">Executing JavaScript:
arguments[0].click();
By using argument:
'&lt;selenium.webdriver.remote.webelement.WebElement (session="345377e67de62b2cba891a014522ee9a", element="f.B9612CC0DBABE5B860FF0E5BFBF9A013.d.715E6F660013C0B4919259DBB1F53DB8.e.556")&gt;'</msg>
<status status="PASS" starttime="20260410 16:25:13.271" endtime="20260410 16:25:13.292"/>
</kw>
<status status="PASS" starttime="20260410 16:25:13.144" endtime="20260410 16:25:13.293"/>
</kw>
<kw name="Click Forcado JS" library="cadastroClienteResource">
<arg>id=btnConfirmar</arg>
<kw name="Wait Until Page Contains Element" library="SeleniumLibrary">
<arg>${locator}</arg>
<arg>15s</arg>
<doc>Waits until the element ``locator`` appears on the current page.</doc>
<status status="PASS" starttime="20260410 16:25:13.293" endtime="20260410 16:25:13.319"/>
</kw>
<kw name="Get WebElement" library="SeleniumLibrary">
<var>${element}</var>
<arg>${locator}</arg>
<doc>Returns the first WebElement matching the given ``locator``.</doc>
<msg timestamp="20260410 16:25:13.336" level="INFO">${element} = &lt;selenium.webdriver.remote.webelement.WebElement (session="345377e67de62b2cba891a014522ee9a", element="f.B9612CC0DBABE5B860FF0E5BFBF9A013.d.715E6F660013C0B4919259DBB1F53DB8.e.589")&gt;</msg>
<status status="PASS" starttime="20260410 16:25:13.319" endtime="20260410 16:25:13.336"/>
</kw>
<kw name="Execute Javascript" library="SeleniumLibrary">
<arg>arguments[0].click();</arg>
<arg>ARGUMENTS</arg>
<arg>${element}</arg>
<doc>Executes the given JavaScript code with possible arguments.</doc>
<msg timestamp="20260410 16:25:13.337" level="INFO">Executing JavaScript:
arguments[0].click();
By using argument:
'&lt;selenium.webdriver.remote.webelement.WebElement (session="345377e67de62b2cba891a014522ee9a", element="f.B9612CC0DBABE5B860FF0E5BFBF9A013.d.715E6F660013C0B4919259DBB1F53DB8.e.589")&gt;'</msg>
<status status="PASS" starttime="20260410 16:25:13.336" endtime="20260410 16:25:13.379"/>
</kw>
<status status="PASS" starttime="20260410 16:25:13.293" endtime="20260410 16:25:13.380"/>
</kw>
<kw name="Sleep" library="BuiltIn">
<arg>0.5s</arg>
<doc>Pauses the test executed for the given time.</doc>
<msg timestamp="20260410 16:25:13.885" level="INFO">Slept 500 milliseconds</msg>
<status status="PASS" starttime="20260410 16:25:13.380" endtime="20260410 16:25:13.885"/>
</kw>
<status status="PASS" starttime="20260410 16:25:12.654" endtime="20260410 16:25:13.889"/>
</kw>
<kw name="Rolar Painel Cliente Ate" library="cadastroClienteResource">
<arg>name=parceiro_cnae</arg>
<kw name="Wait Until Page Contains Element" library="SeleniumLibrary">
<arg>${locator}</arg>
<arg>15s</arg>
<doc>Waits until the element ``locator`` appears on the current page.</doc>
<status status="PASS" starttime="20260410 16:25:13.902" endtime="20260410 16:25:14.066"/>
</kw>
<kw name="Get WebElement" library="SeleniumLibrary">
<var>${element}</var>
<arg>${locator}</arg>
<doc>Returns the first WebElement matching the given ``locator``.</doc>
<msg timestamp="20260410 16:25:14.103" level="INFO">${element} = &lt;selenium.webdriver.remote.webelement.WebElement (session="345377e67de62b2cba891a014522ee9a", element="f.B9612CC0DBABE5B860FF0E5BFBF9A013.d.715E6F660013C0B4919259DBB1F53DB8.e.403")&gt;</msg>
<status status="PASS" starttime="20260410 16:25:14.066" endtime="20260410 16:25:14.103"/>
</kw>
<kw name="Execute Javascript" library="SeleniumLibrary">
<arg>var c = document.querySelector(".cliente-container");</arg>
<arg>if(c) { c.scrollTop = arguments[0].offsetTop - 100; }</arg>
<arg>arguments[0].scrollIntoView({block: "center"});</arg>
<arg>ARGUMENTS</arg>
<arg>${element}</arg>
<doc>Executes the given JavaScript code with possible arguments.</doc>
<msg timestamp="20260410 16:25:14.105" level="INFO">Executing JavaScript:
var c = document.querySelector(".cliente-container");if(c) { c.scrollTop = arguments[0].offsetTop - 100; }arguments[0].scrollIntoView({block: "center"});
By using argument:
'&lt;selenium.webdriver.remote.webelement.WebElement (session="345377e67de62b2cba891a014522ee9a", element="f.B9612CC0DBABE5B860FF0E5BFBF9A013.d.715E6F660013C0B4919259DBB1F53DB8.e.403")&gt;'</msg>
<status status="PASS" starttime="20260410 16:25:14.104" endtime="20260410 16:25:14.171"/>
</kw>
<kw name="Sleep" library="BuiltIn">
<arg>0.4s</arg>
<doc>Pauses the test executed for the given time.</doc>
<msg timestamp="20260410 16:25:14.572" level="INFO">Slept 400 milliseconds</msg>
<status status="PASS" starttime="20260410 16:25:14.171" endtime="20260410 16:25:14.573"/>
</kw>
<status status="PASS" starttime="20260410 16:25:13.889" endtime="20260410 16:25:14.573"/>
</kw>
<kw name="Digita No Campo JS" library="cadastroClienteResource">
<arg>name=parceiro_cnae</arg>
<arg>6201501</arg>
<kw name="Wait Until Page Contains Element" library="SeleniumLibrary">
<arg>${locator}</arg>
<arg>15s</arg>
<doc>Waits until the element ``locator`` appears on the current page.</doc>
<status status="PASS" starttime="20260410 16:25:14.574" endtime="20260410 16:25:14.593"/>
</kw>
<kw name="Get WebElement" library="SeleniumLibrary">
<var>${element}</var>
<arg>${locator}</arg>
<doc>Returns the first WebElement matching the given ``locator``.</doc>
<msg timestamp="20260410 16:25:14.609" level="INFO">${element} = &lt;selenium.webdriver.remote.webelement.WebElement (session="345377e67de62b2cba891a014522ee9a", element="f.B9612CC0DBABE5B860FF0E5BFBF9A013.d.715E6F660013C0B4919259DBB1F53DB8.e.403")&gt;</msg>
<status status="PASS" starttime="20260410 16:25:14.593" endtime="20260410 16:25:14.610"/>
</kw>
<kw name="Execute Javascript" library="SeleniumLibrary">
<arg>arguments[0].scrollIntoView({block: "center", behavior: "instant"});</arg>
<arg>arguments[0].focus();</arg>
<arg>arguments[0].value = "";</arg>
<arg>arguments[0].value = arguments[1];</arg>
<arg>arguments[0].dispatchEvent(new Event("input", {bubbles: true}));</arg>
<arg>arguments[0].dispatchEvent(new Event("change", {bubbles: true}));</arg>
<arg>ARGUMENTS</arg>
<arg>${element}</arg>
<arg>${valor}</arg>
<doc>Executes the given JavaScript code with possible arguments.</doc>
<msg timestamp="20260410 16:25:14.611" level="INFO">Executing JavaScript:
arguments[0].scrollIntoView({block: "center", behavior: "instant"});arguments[0].focus();arguments[0].value = "";arguments[0].value = arguments[1];arguments[0].dispatchEvent(new Event("input", {bubbles: true}));arguments[0].dispatchEvent(new Event("change", {bubbles: true}));
By using arguments:
'&lt;selenium.webdriver.remote.webelement.WebElement (session="345377e67de62b2cba891a014522ee9a", element="f.B9612CC0DBABE5B860FF0E5BFBF9A013.d.715E6F660013C0B4919259DBB1F53DB8.e.403")&gt;' and '6201501'</msg>
<status status="PASS" starttime="20260410 16:25:14.610" endtime="20260410 16:25:14.633"/>
</kw>
<kw name="Sleep" library="BuiltIn">
<arg>0.2s</arg>
<doc>Pauses the test executed for the given time.</doc>
<msg timestamp="20260410 16:25:14.836" level="INFO">Slept 200 milliseconds</msg>
<status status="PASS" starttime="20260410 16:25:14.633" endtime="20260410 16:25:14.836"/>
</kw>
<status status="PASS" starttime="20260410 16:25:14.573" endtime="20260410 16:25:14.839"/>
</kw>
<status status="PASS" starttime="20260410 16:25:10.692" endtime="20260410 16:25:14.840"/>
</kw>
<kw name="Preenche dados de complemento pessoa juridica" library="cadastroClienteResource">
<kw name="Cnpj" library="FakerLibrary">
<var>${cnpj}</var>
<msg timestamp="20260410 16:25:14.849" level="INFO">${cnpj} = 06.534.927/0001-98</msg>
<status status="PASS" starttime="20260410 16:25:14.847" endtime="20260410 16:25:14.851"/>
</kw>
<kw name="Remove String" library="String">
<var>${cnpj_limpo}</var>
<arg>${cnpj}</arg>
<arg>.</arg>
<arg>-</arg>
<arg>/</arg>
<doc>Removes all ``removables`` from the given ``string``.</doc>
<msg timestamp="20260410 16:25:14.859" level="INFO">${cnpj_limpo} = 06534927000198</msg>
<status status="PASS" starttime="20260410 16:25:14.852" endtime="20260410 16:25:14.860"/>
</kw>
<kw name="Rolar Painel Cliente Para" library="cadastroClienteResource">
<arg>bottom</arg>
<kw name="Run Keyword If" library="BuiltIn">
<arg>'${posicao}' == 'top'</arg>
<arg>Execute Javascript</arg>
<arg>var c = document.querySelector(".cliente-container"); if(c) c.scrollTop = 0;</arg>
<doc>Runs the given keyword with the given arguments, if ``condition`` is true.</doc>
<status status="PASS" starttime="20260410 16:25:14.868" endtime="20260410 16:25:14.868"/>
</kw>
<kw name="Run Keyword If" library="BuiltIn">
<arg>'${posicao}' == 'bottom'</arg>
<arg>Execute Javascript</arg>
<arg>var c = document.querySelector(".cliente-container"); if(c) c.scrollTop = c.scrollHeight;</arg>
<doc>Runs the given keyword with the given arguments, if ``condition`` is true.</doc>
<kw name="Execute Javascript" library="SeleniumLibrary">
<arg>var c = document.querySelector(".cliente-container"); if(c) c.scrollTop = c.scrollHeight;</arg>
<doc>Executes the given JavaScript code with possible arguments.</doc>
<msg timestamp="20260410 16:25:14.875" level="INFO">Executing JavaScript:
var c = document.querySelector(".cliente-container"); if(c) c.scrollTop = c.scrollHeight;
Without any arguments.</msg>
<status status="PASS" starttime="20260410 16:25:14.869" endtime="20260410 16:25:14.916"/>
</kw>
<status status="PASS" starttime="20260410 16:25:14.868" endtime="20260410 16:25:14.916"/>
</kw>
<kw name="Sleep" library="BuiltIn">
<arg>0.3s</arg>
<doc>Pauses the test executed for the given time.</doc>
<msg timestamp="20260410 16:25:15.219" level="INFO">Slept 300 milliseconds</msg>
<status status="PASS" starttime="20260410 16:25:14.916" endtime="20260410 16:25:15.219"/>
</kw>
<status status="PASS" starttime="20260410 16:25:14.863" endtime="20260410 16:25:15.219"/>
</kw>
<kw name="Sleep" library="BuiltIn">
<arg>0.5s</arg>
<doc>Pauses the test executed for the given time.</doc>
<msg timestamp="20260410 16:25:15.723" level="INFO">Slept 500 milliseconds</msg>
<status status="PASS" starttime="20260410 16:25:15.220" endtime="20260410 16:25:15.723"/>
</kw>
<kw name="Digita No Campo JS" library="cadastroClienteResource">
<arg>name=pessoajuridica_documentoidentificacao</arg>
<arg>${cnpj_limpo}</arg>
<kw name="Wait Until Page Contains Element" library="SeleniumLibrary">
<arg>${locator}</arg>
<arg>15s</arg>
<doc>Waits until the element ``locator`` appears on the current page.</doc>
<status status="PASS" starttime="20260410 16:25:15.724" endtime="20260410 16:25:15.773"/>
</kw>
<kw name="Get WebElement" library="SeleniumLibrary">
<var>${element}</var>
<arg>${locator}</arg>
<doc>Returns the first WebElement matching the given ``locator``.</doc>
<msg timestamp="20260410 16:25:15.794" level="INFO">${element} = &lt;selenium.webdriver.remote.webelement.WebElement (session="345377e67de62b2cba891a014522ee9a", element="f.B9612CC0DBABE5B860FF0E5BFBF9A013.d.715E6F660013C0B4919259DBB1F53DB8.e.404")&gt;</msg>
<status status="PASS" starttime="20260410 16:25:15.773" endtime="20260410 16:25:15.794"/>
</kw>
<kw name="Execute Javascript" library="SeleniumLibrary">
<arg>arguments[0].scrollIntoView({block: "center", behavior: "instant"});</arg>
<arg>arguments[0].focus();</arg>
<arg>arguments[0].value = "";</arg>
<arg>arguments[0].value = arguments[1];</arg>
<arg>arguments[0].dispatchEvent(new Event("input", {bubbles: true}));</arg>
<arg>arguments[0].dispatchEvent(new Event("change", {bubbles: true}));</arg>
<arg>ARGUMENTS</arg>
<arg>${element}</arg>
<arg>${valor}</arg>
<doc>Executes the given JavaScript code with possible arguments.</doc>
<msg timestamp="20260410 16:25:15.797" level="INFO">Executing JavaScript:
arguments[0].scrollIntoView({block: "center", behavior: "instant"});arguments[0].focus();arguments[0].value = "";arguments[0].value = arguments[1];arguments[0].dispatchEvent(new Event("input", {bubbles: true}));arguments[0].dispatchEvent(new Event("change", {bubbles: true}));
By using arguments:
'&lt;selenium.webdriver.remote.webelement.WebElement (session="345377e67de62b2cba891a014522ee9a", element="f.B9612CC0DBABE5B860FF0E5BFBF9A013.d.715E6F660013C0B4919259DBB1F53DB8.e.404")&gt;' and '06534927000198'</msg>
<status status="PASS" starttime="20260410 16:25:15.795" endtime="20260410 16:25:15.855"/>
</kw>
<kw name="Sleep" library="BuiltIn">
<arg>0.2s</arg>
<doc>Pauses the test executed for the given time.</doc>
<msg timestamp="20260410 16:25:16.056" level="INFO">Slept 200 milliseconds</msg>
<status status="PASS" starttime="20260410 16:25:15.855" endtime="20260410 16:25:16.056"/>
</kw>
<status status="PASS" starttime="20260410 16:25:15.723" endtime="20260410 16:25:16.057"/>
</kw>
<kw name="Digita No Campo JS" library="cadastroClienteResource">
<arg>name=pessoajuridica_numerofuncionarios</arg>
<arg>150</arg>
<kw name="Wait Until Page Contains Element" library="SeleniumLibrary">
<arg>${locator}</arg>
<arg>15s</arg>
<doc>Waits until the element ``locator`` appears on the current page.</doc>
<status status="PASS" starttime="20260410 16:25:16.058" endtime="20260410 16:25:16.086"/>
</kw>
<kw name="Get WebElement" library="SeleniumLibrary">
<var>${element}</var>
<arg>${locator}</arg>
<doc>Returns the first WebElement matching the given ``locator``.</doc>
<msg timestamp="20260410 16:25:16.121" level="INFO">${element} = &lt;selenium.webdriver.remote.webelement.WebElement (session="345377e67de62b2cba891a014522ee9a", element="f.B9612CC0DBABE5B860FF0E5BFBF9A013.d.715E6F660013C0B4919259DBB1F53DB8.e.405")&gt;</msg>
<status status="PASS" starttime="20260410 16:25:16.086" endtime="20260410 16:25:16.122"/>
</kw>
<kw name="Execute Javascript" library="SeleniumLibrary">
<arg>arguments[0].scrollIntoView({block: "center", behavior: "instant"});</arg>
<arg>arguments[0].focus();</arg>
<arg>arguments[0].value = "";</arg>
<arg>arguments[0].value = arguments[1];</arg>
<arg>arguments[0].dispatchEvent(new Event("input", {bubbles: true}));</arg>
<arg>arguments[0].dispatchEvent(new Event("change", {bubbles: true}));</arg>
<arg>ARGUMENTS</arg>
<arg>${element}</arg>
<arg>${valor}</arg>
<doc>Executes the given JavaScript code with possible arguments.</doc>
<msg timestamp="20260410 16:25:16.129" level="INFO">Executing JavaScript:
arguments[0].scrollIntoView({block: "center", behavior: "instant"});arguments[0].focus();arguments[0].value = "";arguments[0].value = arguments[1];arguments[0].dispatchEvent(new Event("input", {bubbles: true}));arguments[0].dispatchEvent(new Event("change", {bubbles: true}));
By using arguments:
'&lt;selenium.webdriver.remote.webelement.WebElement (session="345377e67de62b2cba891a014522ee9a", element="f.B9612CC0DBABE5B860FF0E5BFBF9A013.d.715E6F660013C0B4919259DBB1F53DB8.e.405")&gt;' and '150'</msg>
<status status="PASS" starttime="20260410 16:25:16.123" endtime="20260410 16:25:16.155"/>
</kw>
<kw name="Sleep" library="BuiltIn">
<arg>0.2s</arg>
<doc>Pauses the test executed for the given time.</doc>
<msg timestamp="20260410 16:25:16.356" level="INFO">Slept 200 milliseconds</msg>
<status status="PASS" starttime="20260410 16:25:16.156" endtime="20260410 16:25:16.357"/>
</kw>
<status status="PASS" starttime="20260410 16:25:16.057" endtime="20260410 16:25:16.358"/>
</kw>
<kw name="Digita No Campo JS" library="cadastroClienteResource">
<arg>name=pessoajuridica_datafundacao</arg>
<arg>15/05/2015</arg>
<kw name="Wait Until Page Contains Element" library="SeleniumLibrary">
<arg>${locator}</arg>
<arg>15s</arg>
<doc>Waits until the element ``locator`` appears on the current page.</doc>
<status status="PASS" starttime="20260410 16:25:16.362" endtime="20260410 16:25:16.390"/>
</kw>
<kw name="Get WebElement" library="SeleniumLibrary">
<var>${element}</var>
<arg>${locator}</arg>
<doc>Returns the first WebElement matching the given ``locator``.</doc>
<msg timestamp="20260410 16:25:16.408" level="INFO">${element} = &lt;selenium.webdriver.remote.webelement.WebElement (session="345377e67de62b2cba891a014522ee9a", element="f.B9612CC0DBABE5B860FF0E5BFBF9A013.d.715E6F660013C0B4919259DBB1F53DB8.e.406")&gt;</msg>
<status status="PASS" starttime="20260410 16:25:16.390" endtime="20260410 16:25:16.408"/>
</kw>
<kw name="Execute Javascript" library="SeleniumLibrary">
<arg>arguments[0].scrollIntoView({block: "center", behavior: "instant"});</arg>
<arg>arguments[0].focus();</arg>
<arg>arguments[0].value = "";</arg>
<arg>arguments[0].value = arguments[1];</arg>
<arg>arguments[0].dispatchEvent(new Event("input", {bubbles: true}));</arg>
<arg>arguments[0].dispatchEvent(new Event("change", {bubbles: true}));</arg>
<arg>ARGUMENTS</arg>
<arg>${element}</arg>
<arg>${valor}</arg>
<doc>Executes the given JavaScript code with possible arguments.</doc>
<msg timestamp="20260410 16:25:16.410" level="INFO">Executing JavaScript:
arguments[0].scrollIntoView({block: "center", behavior: "instant"});arguments[0].focus();arguments[0].value = "";arguments[0].value = arguments[1];arguments[0].dispatchEvent(new Event("input", {bubbles: true}));arguments[0].dispatchEvent(new Event("change", {bubbles: true}));
By using arguments:
'&lt;selenium.webdriver.remote.webelement.WebElement (session="345377e67de62b2cba891a014522ee9a", element="f.B9612CC0DBABE5B860FF0E5BFBF9A013.d.715E6F660013C0B4919259DBB1F53DB8.e.406")&gt;' and '15/05/2015'</msg>
<status status="PASS" starttime="20260410 16:25:16.408" endtime="20260410 16:25:16.429"/>
</kw>
<kw name="Sleep" library="BuiltIn">
<arg>0.2s</arg>
<doc>Pauses the test executed for the given time.</doc>
<msg timestamp="20260410 16:25:16.630" level="INFO">Slept 200 milliseconds</msg>
<status status="PASS" starttime="20260410 16:25:16.430" endtime="20260410 16:25:16.631"/>
</kw>
<status status="PASS" starttime="20260410 16:25:16.359" endtime="20260410 16:25:16.631"/>
</kw>
<kw name="Evaluate" library="BuiltIn">
<var>${faturamento}</var>
<arg>random.randint(100000, 9000000)</arg>
<arg>random</arg>
<doc>Evaluates the given expression in Python and returns the result.</doc>
<msg timestamp="20260410 16:25:16.633" level="INFO">${faturamento} = 8031928</msg>
<status status="PASS" starttime="20260410 16:25:16.631" endtime="20260410 16:25:16.633"/>
</kw>
<kw name="Evaluate" library="BuiltIn">
<var>${capitalSocial}</var>
<arg>random.randint(100000, 5000000)</arg>
<arg>random</arg>
<doc>Evaluates the given expression in Python and returns the result.</doc>
<msg timestamp="20260410 16:25:16.634" level="INFO">${capitalSocial} = 4766916</msg>
<status status="PASS" starttime="20260410 16:25:16.633" endtime="20260410 16:25:16.635"/>
</kw>
<kw name="Evaluate" library="BuiltIn">
<var>${capitalSub}</var>
<arg>int(${capitalSocial} / 2)</arg>
<doc>Evaluates the given expression in Python and returns the result.</doc>
<msg timestamp="20260410 16:25:16.636" level="INFO">${capitalSub} = 2383458</msg>
<status status="PASS" starttime="20260410 16:25:16.635" endtime="20260410 16:25:16.636"/>
</kw>
<kw name="Evaluate" library="BuiltIn">
<var>${capitalInt}</var>
<arg>int(${capitalSocial} / 2)</arg>
<doc>Evaluates the given expression in Python and returns the result.</doc>
<msg timestamp="20260410 16:25:16.637" level="INFO">${capitalInt} = 2383458</msg>
<status status="PASS" starttime="20260410 16:25:16.637" endtime="20260410 16:25:16.637"/>
</kw>
<kw name="Digita No Campo JS" library="cadastroClienteResource">
<arg>name=pessoajuridica_valorfaturamento</arg>
<arg>${faturamento}</arg>
<kw name="Wait Until Page Contains Element" library="SeleniumLibrary">
<arg>${locator}</arg>
<arg>15s</arg>
<doc>Waits until the element ``locator`` appears on the current page.</doc>
<status status="PASS" starttime="20260410 16:25:16.638" endtime="20260410 16:25:16.674"/>
</kw>
<kw name="Get WebElement" library="SeleniumLibrary">
<var>${element}</var>
<arg>${locator}</arg>
<doc>Returns the first WebElement matching the given ``locator``.</doc>
<msg timestamp="20260410 16:25:16.746" level="INFO">${element} = &lt;selenium.webdriver.remote.webelement.WebElement (session="345377e67de62b2cba891a014522ee9a", element="f.B9612CC0DBABE5B860FF0E5BFBF9A013.d.715E6F660013C0B4919259DBB1F53DB8.e.407")&gt;</msg>
<status status="PASS" starttime="20260410 16:25:16.674" endtime="20260410 16:25:16.746"/>
</kw>
<kw name="Execute Javascript" library="SeleniumLibrary">
<arg>arguments[0].scrollIntoView({block: "center", behavior: "instant"});</arg>
<arg>arguments[0].focus();</arg>
<arg>arguments[0].value = "";</arg>
<arg>arguments[0].value = arguments[1];</arg>
<arg>arguments[0].dispatchEvent(new Event("input", {bubbles: true}));</arg>
<arg>arguments[0].dispatchEvent(new Event("change", {bubbles: true}));</arg>
<arg>ARGUMENTS</arg>
<arg>${element}</arg>
<arg>${valor}</arg>
<doc>Executes the given JavaScript code with possible arguments.</doc>
<msg timestamp="20260410 16:25:16.751" level="INFO">Executing JavaScript:
arguments[0].scrollIntoView({block: "center", behavior: "instant"});arguments[0].focus();arguments[0].value = "";arguments[0].value = arguments[1];arguments[0].dispatchEvent(new Event("input", {bubbles: true}));arguments[0].dispatchEvent(new Event("change", {bubbles: true}));
By using arguments:
'&lt;selenium.webdriver.remote.webelement.WebElement (session="345377e67de62b2cba891a014522ee9a", element="f.B9612CC0DBABE5B860FF0E5BFBF9A013.d.715E6F660013C0B4919259DBB1F53DB8.e.407")&gt;' and '8031928'</msg>
<status status="PASS" starttime="20260410 16:25:16.747" endtime="20260410 16:25:16.807"/>
</kw>
<kw name="Sleep" library="BuiltIn">
<arg>0.2s</arg>
<doc>Pauses the test executed for the given time.</doc>
<msg timestamp="20260410 16:25:17.008" level="INFO">Slept 200 milliseconds</msg>
<status status="PASS" starttime="20260410 16:25:16.807" endtime="20260410 16:25:17.009"/>
</kw>
<status status="PASS" starttime="20260410 16:25:16.638" endtime="20260410 16:25:17.010"/>
</kw>
<kw name="Digita No Campo JS" library="cadastroClienteResource">
<arg>name=pessoajuridica_valorcapitalsocial</arg>
<arg>${capitalSocial}</arg>
<kw name="Wait Until Page Contains Element" library="SeleniumLibrary">
<arg>${locator}</arg>
<arg>15s</arg>
<doc>Waits until the element ``locator`` appears on the current page.</doc>
<status status="PASS" starttime="20260410 16:25:17.013" endtime="20260410 16:25:17.045"/>
</kw>
<kw name="Get WebElement" library="SeleniumLibrary">
<var>${element}</var>
<arg>${locator}</arg>
<doc>Returns the first WebElement matching the given ``locator``.</doc>
<msg timestamp="20260410 16:25:17.076" level="INFO">${element} = &lt;selenium.webdriver.remote.webelement.WebElement (session="345377e67de62b2cba891a014522ee9a", element="f.B9612CC0DBABE5B860FF0E5BFBF9A013.d.715E6F660013C0B4919259DBB1F53DB8.e.408")&gt;</msg>
<status status="PASS" starttime="20260410 16:25:17.045" endtime="20260410 16:25:17.076"/>
</kw>
<kw name="Execute Javascript" library="SeleniumLibrary">
<arg>arguments[0].scrollIntoView({block: "center", behavior: "instant"});</arg>
<arg>arguments[0].focus();</arg>
<arg>arguments[0].value = "";</arg>
<arg>arguments[0].value = arguments[1];</arg>
<arg>arguments[0].dispatchEvent(new Event("input", {bubbles: true}));</arg>
<arg>arguments[0].dispatchEvent(new Event("change", {bubbles: true}));</arg>
<arg>ARGUMENTS</arg>
<arg>${element}</arg>
<arg>${valor}</arg>
<doc>Executes the given JavaScript code with possible arguments.</doc>
<msg timestamp="20260410 16:25:17.078" level="INFO">Executing JavaScript:
arguments[0].scrollIntoView({block: "center", behavior: "instant"});arguments[0].focus();arguments[0].value = "";arguments[0].value = arguments[1];arguments[0].dispatchEvent(new Event("input", {bubbles: true}));arguments[0].dispatchEvent(new Event("change", {bubbles: true}));
By using arguments:
'&lt;selenium.webdriver.remote.webelement.WebElement (session="345377e67de62b2cba891a014522ee9a", element="f.B9612CC0DBABE5B860FF0E5BFBF9A013.d.715E6F660013C0B4919259DBB1F53DB8.e.408")&gt;' and '4766916'</msg>
<status status="PASS" starttime="20260410 16:25:17.076" endtime="20260410 16:25:17.108"/>
</kw>
<kw name="Sleep" library="BuiltIn">
<arg>0.2s</arg>
<doc>Pauses the test executed for the given time.</doc>
<msg timestamp="20260410 16:25:17.309" level="INFO">Slept 200 milliseconds</msg>
<status status="PASS" starttime="20260410 16:25:17.108" endtime="20260410 16:25:17.309"/>
</kw>
<status status="PASS" starttime="20260410 16:25:17.011" endtime="20260410 16:25:17.309"/>
</kw>
<kw name="Digita No Campo JS" library="cadastroClienteResource">
<arg>name=pessoajuridica_valorcapitalsubscrito</arg>
<arg>${capitalSub}</arg>
<kw name="Wait Until Page Contains Element" library="SeleniumLibrary">
<arg>${locator}</arg>
<arg>15s</arg>
<doc>Waits until the element ``locator`` appears on the current page.</doc>
<status status="PASS" starttime="20260410 16:25:17.310" endtime="20260410 16:25:17.335"/>
</kw>
<kw name="Get WebElement" library="SeleniumLibrary">
<var>${element}</var>
<arg>${locator}</arg>
<doc>Returns the first WebElement matching the given ``locator``.</doc>
<msg timestamp="20260410 16:25:17.355" level="INFO">${element} = &lt;selenium.webdriver.remote.webelement.WebElement (session="345377e67de62b2cba891a014522ee9a", element="f.B9612CC0DBABE5B860FF0E5BFBF9A013.d.715E6F660013C0B4919259DBB1F53DB8.e.409")&gt;</msg>
<status status="PASS" starttime="20260410 16:25:17.336" endtime="20260410 16:25:17.355"/>
</kw>
<kw name="Execute Javascript" library="SeleniumLibrary">
<arg>arguments[0].scrollIntoView({block: "center", behavior: "instant"});</arg>
<arg>arguments[0].focus();</arg>
<arg>arguments[0].value = "";</arg>
<arg>arguments[0].value = arguments[1];</arg>
<arg>arguments[0].dispatchEvent(new Event("input", {bubbles: true}));</arg>
<arg>arguments[0].dispatchEvent(new Event("change", {bubbles: true}));</arg>
<arg>ARGUMENTS</arg>
<arg>${element}</arg>
<arg>${valor}</arg>
<doc>Executes the given JavaScript code with possible arguments.</doc>
<msg timestamp="20260410 16:25:17.357" level="INFO">Executing JavaScript:
arguments[0].scrollIntoView({block: "center", behavior: "instant"});arguments[0].focus();arguments[0].value = "";arguments[0].value = arguments[1];arguments[0].dispatchEvent(new Event("input", {bubbles: true}));arguments[0].dispatchEvent(new Event("change", {bubbles: true}));
By using arguments:
'&lt;selenium.webdriver.remote.webelement.WebElement (session="345377e67de62b2cba891a014522ee9a", element="f.B9612CC0DBABE5B860FF0E5BFBF9A013.d.715E6F660013C0B4919259DBB1F53DB8.e.409")&gt;' and '2383458'</msg>
<status status="PASS" starttime="20260410 16:25:17.355" endtime="20260410 16:25:17.382"/>
</kw>
<kw name="Sleep" library="BuiltIn">
<arg>0.2s</arg>
<doc>Pauses the test executed for the given time.</doc>
<msg timestamp="20260410 16:25:17.583" level="INFO">Slept 200 milliseconds</msg>
<status status="PASS" starttime="20260410 16:25:17.383" endtime="20260410 16:25:17.583"/>
</kw>
<status status="PASS" starttime="20260410 16:25:17.309" endtime="20260410 16:25:17.585"/>
</kw>
<kw name="Digita No Campo JS" library="cadastroClienteResource">
<arg>name=pessoajuridica_valorcapitalintegral</arg>
<arg>${capitalInt}</arg>
<kw name="Wait Until Page Contains Element" library="SeleniumLibrary">
<arg>${locator}</arg>
<arg>15s</arg>
<doc>Waits until the element ``locator`` appears on the current page.</doc>
<status status="PASS" starttime="20260410 16:25:17.586" endtime="20260410 16:25:17.630"/>
</kw>
<kw name="Get WebElement" library="SeleniumLibrary">
<var>${element}</var>
<arg>${locator}</arg>
<doc>Returns the first WebElement matching the given ``locator``.</doc>
<msg timestamp="20260410 16:25:17.648" level="INFO">${element} = &lt;selenium.webdriver.remote.webelement.WebElement (session="345377e67de62b2cba891a014522ee9a", element="f.B9612CC0DBABE5B860FF0E5BFBF9A013.d.715E6F660013C0B4919259DBB1F53DB8.e.410")&gt;</msg>
<status status="PASS" starttime="20260410 16:25:17.631" endtime="20260410 16:25:17.648"/>
</kw>
<kw name="Execute Javascript" library="SeleniumLibrary">
<arg>arguments[0].scrollIntoView({block: "center", behavior: "instant"});</arg>
<arg>arguments[0].focus();</arg>
<arg>arguments[0].value = "";</arg>
<arg>arguments[0].value = arguments[1];</arg>
<arg>arguments[0].dispatchEvent(new Event("input", {bubbles: true}));</arg>
<arg>arguments[0].dispatchEvent(new Event("change", {bubbles: true}));</arg>
<arg>ARGUMENTS</arg>
<arg>${element}</arg>
<arg>${valor}</arg>
<doc>Executes the given JavaScript code with possible arguments.</doc>
<msg timestamp="20260410 16:25:17.650" level="INFO">Executing JavaScript:
arguments[0].scrollIntoView({block: "center", behavior: "instant"});arguments[0].focus();arguments[0].value = "";arguments[0].value = arguments[1];arguments[0].dispatchEvent(new Event("input", {bubbles: true}));arguments[0].dispatchEvent(new Event("change", {bubbles: true}));
By using arguments:
'&lt;selenium.webdriver.remote.webelement.WebElement (session="345377e67de62b2cba891a014522ee9a", element="f.B9612CC0DBABE5B860FF0E5BFBF9A013.d.715E6F660013C0B4919259DBB1F53DB8.e.410")&gt;' and '2383458'</msg>
<status status="PASS" starttime="20260410 16:25:17.649" endtime="20260410 16:25:17.678"/>
</kw>
<kw name="Sleep" library="BuiltIn">
<arg>0.2s</arg>
<doc>Pauses the test executed for the given time.</doc>
<msg timestamp="20260410 16:25:17.879" level="INFO">Slept 200 milliseconds</msg>
<status status="PASS" starttime="20260410 16:25:17.678" endtime="20260410 16:25:17.880"/>
</kw>
<status status="PASS" starttime="20260410 16:25:17.585" endtime="20260410 16:25:17.880"/>
</kw>
<kw name="Digita No Campo JS" library="cadastroClienteResource">
<arg>name=pessoajuridica_situacaocadastral</arg>
<arg>Novo</arg>
<kw name="Wait Until Page Contains Element" library="SeleniumLibrary">
<arg>${locator}</arg>
<arg>15s</arg>
<doc>Waits until the element ``locator`` appears on the current page.</doc>
<status status="PASS" starttime="20260410 16:25:17.882" endtime="20260410 16:25:17.926"/>
</kw>
<kw name="Get WebElement" library="SeleniumLibrary">
<var>${element}</var>
<arg>${locator}</arg>
<doc>Returns the first WebElement matching the given ``locator``.</doc>
<msg timestamp="20260410 16:25:17.964" level="INFO">${element} = &lt;selenium.webdriver.remote.webelement.WebElement (session="345377e67de62b2cba891a014522ee9a", element="f.B9612CC0DBABE5B860FF0E5BFBF9A013.d.715E6F660013C0B4919259DBB1F53DB8.e.411")&gt;</msg>
<status status="PASS" starttime="20260410 16:25:17.926" endtime="20260410 16:25:17.964"/>
</kw>
<kw name="Execute Javascript" library="SeleniumLibrary">
<arg>arguments[0].scrollIntoView({block: "center", behavior: "instant"});</arg>
<arg>arguments[0].focus();</arg>
<arg>arguments[0].value = "";</arg>
<arg>arguments[0].value = arguments[1];</arg>
<arg>arguments[0].dispatchEvent(new Event("input", {bubbles: true}));</arg>
<arg>arguments[0].dispatchEvent(new Event("change", {bubbles: true}));</arg>
<arg>ARGUMENTS</arg>
<arg>${element}</arg>
<arg>${valor}</arg>
<doc>Executes the given JavaScript code with possible arguments.</doc>
<msg timestamp="20260410 16:25:17.966" level="INFO">Executing JavaScript:
arguments[0].scrollIntoView({block: "center", behavior: "instant"});arguments[0].focus();arguments[0].value = "";arguments[0].value = arguments[1];arguments[0].dispatchEvent(new Event("input", {bubbles: true}));arguments[0].dispatchEvent(new Event("change", {bubbles: true}));
By using arguments:
'&lt;selenium.webdriver.remote.webelement.WebElement (session="345377e67de62b2cba891a014522ee9a", element="f.B9612CC0DBABE5B860FF0E5BFBF9A013.d.715E6F660013C0B4919259DBB1F53DB8.e.411")&gt;' and 'Novo'</msg>
<status status="PASS" starttime="20260410 16:25:17.965" endtime="20260410 16:25:17.985"/>
</kw>
<kw name="Sleep" library="BuiltIn">
<arg>0.2s</arg>
<doc>Pauses the test executed for the given time.</doc>
<msg timestamp="20260410 16:25:18.186" level="INFO">Slept 200 milliseconds</msg>
<status status="PASS" starttime="20260410 16:25:17.985" endtime="20260410 16:25:18.186"/>
</kw>
<status status="PASS" starttime="20260410 16:25:17.880" endtime="20260410 16:25:18.186"/>
</kw>
<kw name="Digita No Campo JS" library="cadastroClienteResource">
<arg>name=pessoajuridica_situacaoespecial</arg>
<arg>Novo</arg>
<kw name="Wait Until Page Contains Element" library="SeleniumLibrary">
<arg>${locator}</arg>
<arg>15s</arg>
<doc>Waits until the element ``locator`` appears on the current page.</doc>
<status status="PASS" starttime="20260410 16:25:18.187" endtime="20260410 16:25:18.217"/>
</kw>
<kw name="Get WebElement" library="SeleniumLibrary">
<var>${element}</var>
<arg>${locator}</arg>
<doc>Returns the first WebElement matching the given ``locator``.</doc>
<msg timestamp="20260410 16:25:18.234" level="INFO">${element} = &lt;selenium.webdriver.remote.webelement.WebElement (session="345377e67de62b2cba891a014522ee9a", element="f.B9612CC0DBABE5B860FF0E5BFBF9A013.d.715E6F660013C0B4919259DBB1F53DB8.e.412")&gt;</msg>
<status status="PASS" starttime="20260410 16:25:18.218" endtime="20260410 16:25:18.234"/>
</kw>
<kw name="Execute Javascript" library="SeleniumLibrary">
<arg>arguments[0].scrollIntoView({block: "center", behavior: "instant"});</arg>
<arg>arguments[0].focus();</arg>
<arg>arguments[0].value = "";</arg>
<arg>arguments[0].value = arguments[1];</arg>
<arg>arguments[0].dispatchEvent(new Event("input", {bubbles: true}));</arg>
<arg>arguments[0].dispatchEvent(new Event("change", {bubbles: true}));</arg>
<arg>ARGUMENTS</arg>
<arg>${element}</arg>
<arg>${valor}</arg>
<doc>Executes the given JavaScript code with possible arguments.</doc>
<msg timestamp="20260410 16:25:18.236" level="INFO">Executing JavaScript:
arguments[0].scrollIntoView({block: "center", behavior: "instant"});arguments[0].focus();arguments[0].value = "";arguments[0].value = arguments[1];arguments[0].dispatchEvent(new Event("input", {bubbles: true}));arguments[0].dispatchEvent(new Event("change", {bubbles: true}));
By using arguments:
'&lt;selenium.webdriver.remote.webelement.WebElement (session="345377e67de62b2cba891a014522ee9a", element="f.B9612CC0DBABE5B860FF0E5BFBF9A013.d.715E6F660013C0B4919259DBB1F53DB8.e.412")&gt;' and 'Novo'</msg>
[...]
<status status="PASS" starttime="20260410 16:29:48.577" endtime="20260410 16:29:48.592"/>
</kw>
<kw name="Execute Javascript" library="SeleniumLibrary">
<arg>arguments[0].click();</arg>
<arg>ARGUMENTS</arg>
<arg>${element}</arg>
<doc>Executes the given JavaScript code with possible arguments.</doc>
<msg timestamp="20260410 16:29:48.593" level="INFO">Executing JavaScript:
arguments[0].click();
By using argument:
'&lt;selenium.webdriver.remote.webelement.WebElement (session="345377e67de62b2cba891a014522ee9a", element="f.B9612CC0DBABE5B860FF0E5BFBF9A013.d.905C4F9C3343AB69B3B9C2306FCB148F.e.5567")&gt;'</msg>
<status status="PASS" starttime="20260410 16:29:48.593" endtime="20260410 16:29:48.611"/>
</kw>
<status status="PASS" starttime="20260410 16:29:48.555" endtime="20260410 16:29:48.611"/>
</kw>
<kw name="Wait Until Element Is Not Visible" library="SeleniumLibrary">
<arg>class=minimalist-loading-background</arg>
<arg>20s</arg>
<doc>Waits until the element ``locator`` is not visible.</doc>
<status status="PASS" starttime="20260410 16:29:48.612" endtime="20260410 16:29:48.902"/>
</kw>
<kw name="Sleep" library="BuiltIn">
<arg>2s</arg>
<doc>Pauses the test executed for the given time.</doc>
<msg timestamp="20260410 16:29:50.903" level="INFO">Slept 2 seconds</msg>
<status status="PASS" starttime="20260410 16:29:48.902" endtime="20260410 16:29:50.903"/>
</kw>
<kw name="Wait Until Page Contains Element" library="SeleniumLibrary">
<arg>xpath=(//div[contains(@class,'slick-row')]//div[contains(@class,'l0')])[1]</arg>
<arg>15s</arg>
<doc>Waits until the element ``locator`` appears on the current page.</doc>
<status status="PASS" starttime="20260410 16:29:50.904" endtime="20260410 16:29:50.925"/>
</kw>
<kw name="Log To Console" library="BuiltIn">
<arg>\n🔍 Pesquisa por '${termo}' concluída.</arg>
<doc>Logs the given message to the console.</doc>
<status status="PASS" starttime="20260410 16:29:50.925" endtime="20260410 16:29:50.926"/>
</kw>
<kw name="Click Forcado JS" library="cadastroClienteResource">
<arg>xpath=(//div[contains(@class,'slick-row')]//div[contains(@class,'l0')])[1]</arg>
<kw name="Wait Until Page Contains Element" library="SeleniumLibrary">
<arg>${locator}</arg>
<arg>15s</arg>
<doc>Waits until the element ``locator`` appears on the current page.</doc>
<status status="PASS" starttime="20260410 16:29:50.927" endtime="20260410 16:29:50.945"/>
</kw>
<kw name="Get WebElement" library="SeleniumLibrary">
<var>${element}</var>
<arg>${locator}</arg>
<doc>Returns the first WebElement matching the given ``locator``.</doc>
<msg timestamp="20260410 16:29:50.962" level="INFO">${element} = &lt;selenium.webdriver.remote.webelement.WebElement (session="345377e67de62b2cba891a014522ee9a", element="f.B9612CC0DBABE5B860FF0E5BFBF9A013.d.905C4F9C3343AB69B3B9C2306FCB148F.e.5578")&gt;</msg>
<status status="PASS" starttime="20260410 16:29:50.946" endtime="20260410 16:29:50.963"/>
</kw>
<kw name="Execute Javascript" library="SeleniumLibrary">
<arg>arguments[0].click();</arg>
<arg>ARGUMENTS</arg>
<arg>${element}</arg>
<doc>Executes the given JavaScript code with possible arguments.</doc>
<msg timestamp="20260410 16:29:50.964" level="INFO">Executing JavaScript:
arguments[0].click();
By using argument:
'&lt;selenium.webdriver.remote.webelement.WebElement (session="345377e67de62b2cba891a014522ee9a", element="f.B9612CC0DBABE5B860FF0E5BFBF9A013.d.905C4F9C3343AB69B3B9C2306FCB148F.e.5578")&gt;'</msg>
<status status="PASS" starttime="20260410 16:29:50.963" endtime="20260410 16:29:50.977"/>
</kw>
<status status="PASS" starttime="20260410 16:29:50.927" endtime="20260410 16:29:50.978"/>
</kw>
<kw name="Sleep" library="BuiltIn">
<arg>1s</arg>
<doc>Pauses the test executed for the given time.</doc>
<msg timestamp="20260410 16:29:51.979" level="INFO">Slept 1 second</msg>
<status status="PASS" starttime="20260410 16:29:50.978" endtime="20260410 16:29:51.979"/>
</kw>
<kw name="Wait Until Element Is Visible" library="SeleniumLibrary">
<arg>xpath=//div[contains(@class,'slick-row') and contains(@class,'active')]//div[contains(@class,'l6')]//img</arg>
<arg>10s</arg>
<doc>Waits until the element ``locator`` is visible.</doc>
<status status="PASS" starttime="20260410 16:29:51.979" endtime="20260410 16:29:52.008"/>
</kw>
<kw name="Click Forcado JS" library="cadastroClienteResource">
<arg>xpath=//div[contains(@class,'slick-row') and contains(@class,'active')]//div[contains(@class,'l6')]//img</arg>
<kw name="Wait Until Page Contains Element" library="SeleniumLibrary">
<arg>${locator}</arg>
<arg>15s</arg>
<doc>Waits until the element ``locator`` appears on the current page.</doc>
<status status="PASS" starttime="20260410 16:29:52.009" endtime="20260410 16:29:52.022"/>
</kw>
<kw name="Get WebElement" library="SeleniumLibrary">
<var>${element}</var>
<arg>${locator}</arg>
<doc>Returns the first WebElement matching the given ``locator``.</doc>
<msg timestamp="20260410 16:29:52.035" level="INFO">${element} = &lt;selenium.webdriver.remote.webelement.WebElement (session="345377e67de62b2cba891a014522ee9a", element="f.B9612CC0DBABE5B860FF0E5BFBF9A013.d.905C4F9C3343AB69B3B9C2306FCB148F.e.5574")&gt;</msg>
<status status="PASS" starttime="20260410 16:29:52.022" endtime="20260410 16:29:52.035"/>
</kw>
<kw name="Execute Javascript" library="SeleniumLibrary">
<arg>arguments[0].click();</arg>
<arg>ARGUMENTS</arg>
<arg>${element}</arg>
<doc>Executes the given JavaScript code with possible arguments.</doc>
<msg timestamp="20260410 16:29:52.036" level="INFO">Executing JavaScript:
arguments[0].click();
By using argument:
'&lt;selenium.webdriver.remote.webelement.WebElement (session="345377e67de62b2cba891a014522ee9a", element="f.B9612CC0DBABE5B860FF0E5BFBF9A013.d.905C4F9C3343AB69B3B9C2306FCB148F.e.5574")&gt;'</msg>
<status status="PASS" starttime="20260410 16:29:52.035" endtime="20260410 16:29:53.290"/>
</kw>
<status status="PASS" starttime="20260410 16:29:52.009" endtime="20260410 16:29:53.290"/>
</kw>
<kw name="Wait Until Element Is Not Visible" library="SeleniumLibrary">
<arg>class=minimalist-loading-background</arg>
<arg>20s</arg>
<doc>Waits until the element ``locator`` is not visible.</doc>
<status status="PASS" starttime="20260410 16:29:53.290" endtime="20260410 16:29:53.650"/>
</kw>
<kw name="Wait Until Page Contains Element" library="SeleniumLibrary">
<arg>xpath=${tituloPaginaCadastroCLiente}</arg>
<arg>20s</arg>
<doc>Waits until the element ``locator`` appears on the current page.</doc>
<status status="PASS" starttime="20260410 16:29:53.651" endtime="20260410 16:29:53.738"/>
</kw>
<kw name="Log To Console" library="BuiltIn">
<arg>✅ Cliente aberto para edição.</arg>
<doc>Logs the given message to the console.</doc>
<status status="PASS" starttime="20260410 16:29:53.738" endtime="20260410 16:29:53.739"/>
</kw>
<status status="PASS" starttime="20260410 16:29:46.215" endtime="20260410 16:29:53.739"/>
</kw>
<kw name="Inativa cliente na tela" library="cadastroClienteResource">
<doc>Clica no radio button "Não" da situação ativo e salva o cadastro.</doc>
<kw name="Wait Until Page Contains Element" library="SeleniumLibrary">
<arg>id=rdAtivonao</arg>
<arg>15s</arg>
<doc>Waits until the element ``locator`` appears on the current page.</doc>
<status status="PASS" starttime="20260410 16:29:53.740" endtime="20260410 16:29:53.821"/>
</kw>
<kw name="Click Forcado JS" library="cadastroClienteResource">
<arg>id=rdAtivonao</arg>
<kw name="Wait Until Page Contains Element" library="SeleniumLibrary">
<arg>${locator}</arg>
<arg>15s</arg>
<doc>Waits until the element ``locator`` appears on the current page.</doc>
<status status="PASS" starttime="20260410 16:29:53.822" endtime="20260410 16:29:53.859"/>
</kw>
<kw name="Get WebElement" library="SeleniumLibrary">
<var>${element}</var>
<arg>${locator}</arg>
<doc>Returns the first WebElement matching the given ``locator``.</doc>
<msg timestamp="20260410 16:29:53.924" level="INFO">${element} = &lt;selenium.webdriver.remote.webelement.WebElement (session="345377e67de62b2cba891a014522ee9a", element="f.B9612CC0DBABE5B860FF0E5BFBF9A013.d.2755174E6A7E18C8202E87A4FEA5AFC6.e.5682")&gt;</msg>
<status status="PASS" starttime="20260410 16:29:53.860" endtime="20260410 16:29:53.924"/>
</kw>
<kw name="Execute Javascript" library="SeleniumLibrary">
<arg>arguments[0].click();</arg>
<arg>ARGUMENTS</arg>
<arg>${element}</arg>
<doc>Executes the given JavaScript code with possible arguments.</doc>
<msg timestamp="20260410 16:29:53.925" level="INFO">Executing JavaScript:
arguments[0].click();
By using argument:
'&lt;selenium.webdriver.remote.webelement.WebElement (session="345377e67de62b2cba891a014522ee9a", element="f.B9612CC0DBABE5B860FF0E5BFBF9A013.d.2755174E6A7E18C8202E87A4FEA5AFC6.e.5682")&gt;'</msg>
<status status="PASS" starttime="20260410 16:29:53.924" endtime="20260410 16:29:53.952"/>
</kw>
<status status="PASS" starttime="20260410 16:29:53.821" endtime="20260410 16:29:53.952"/>
</kw>
<kw name="Sleep" library="BuiltIn">
<arg>0.5s</arg>
<doc>Pauses the test executed for the given time.</doc>
<msg timestamp="20260410 16:29:54.453" level="INFO">Slept 500 milliseconds</msg>
<status status="PASS" starttime="20260410 16:29:53.952" endtime="20260410 16:29:54.453"/>
</kw>
<kw name="Valida gravacao com sucesso" library="cadastroClienteResource">
<kw name="Wait Until Element Is Not Visible" library="SeleniumLibrary">
<arg>xpath=${msgCarregando}</arg>
<arg>10s</arg>
<doc>Waits until the element ``locator`` is not visible.</doc>
<status status="PASS" starttime="20260410 16:29:54.453" endtime="20260410 16:29:54.469"/>
</kw>
<kw name="Execute Javascript" library="SeleniumLibrary">
<arg>var btns = Array.from(document.querySelectorAll("[id='btnGravar']"));</arg>
<arg>var visiveis = btns.filter(function(b) { return b.offsetParent !== null; });</arg>
<arg>if (visiveis.length === 0) throw new Error("Nenhum btnGravar visivel");</arg>
<arg>visiveis[0].click();</arg>
<doc>Executes the given JavaScript code with possible arguments.</doc>
<msg timestamp="20260410 16:29:54.469" level="INFO">Executing JavaScript:
var btns = Array.from(document.querySelectorAll("[id='btnGravar']"));var visiveis = btns.filter(function(b) { return b.offsetParent !== null; });if (visiveis.length === 0) throw new Error("Nenhum btnGravar visivel");visiveis[0].click();
Without any arguments.</msg>
<status status="PASS" starttime="20260410 16:29:54.469" endtime="20260410 16:29:54.481"/>
</kw>
<kw name="Sleep" library="BuiltIn">
<arg>1s</arg>
<doc>Pauses the test executed for the given time.</doc>
<msg timestamp="20260410 16:29:55.482" level="INFO">Slept 1 second</msg>
<status status="PASS" starttime="20260410 16:29:54.481" endtime="20260410 16:29:55.482"/>
</kw>
<kw name="Wait Until Element Is Not Visible" library="SeleniumLibrary">
<arg>xpath=${msgCarregando}</arg>
<arg>30s</arg>
<doc>Waits until the element ``locator`` is not visible.</doc>
<status status="PASS" starttime="20260410 16:29:55.483" endtime="20260410 16:29:55.648"/>
</kw>
<kw name="Run Keyword And Return Status" library="BuiltIn">
<var>${tem_toast}</var>
<arg>Wait Until Element Is Visible</arg>
<arg>css=.jGrowl-message</arg>
<arg>5s</arg>
<doc>Runs the given keyword with given arguments and returns the status as a Boolean value.</doc>
<kw name="Wait Until Element Is Visible" library="SeleniumLibrary">
<arg>css=.jGrowl-message</arg>
<arg>5s</arg>
<doc>Waits until the element ``locator`` is visible.</doc>
<msg timestamp="20260410 16:30:00.815" level="INFO" html="true">&lt;/td&gt;&lt;/tr&gt;&lt;tr&gt;&lt;td colspan="3"&gt;&lt;a href="selenium-screenshot-110.png"&gt;&lt;img src="selenium-screenshot-110.png" width="800px"&gt;&lt;/a&gt;</msg>
<msg timestamp="20260410 16:30:00.815" level="FAIL">Element 'css=.jGrowl-message' not visible after 5 seconds.</msg>
<status status="FAIL" starttime="20260410 16:29:55.649" endtime="20260410 16:30:00.818"/>
</kw>
<msg timestamp="20260410 16:30:00.818" level="INFO">${tem_toast} = False</msg>
<status status="PASS" starttime="20260410 16:29:55.649" endtime="20260410 16:30:00.819"/>
</kw>
<kw name="Run Keyword If" library="BuiltIn">
<arg>${tem_toast}</arg>
<arg>Log To Console</arg>
<arg>\n✅ Toast de sucesso exibido!</arg>
<doc>Runs the given keyword with the given arguments, if ``condition`` is true.</doc>
<status status="PASS" starttime="20260410 16:30:00.819" endtime="20260410 16:30:00.819"/>
</kw>
<kw name="Run Keyword If" library="BuiltIn">
<arg>not ${tem_toast}</arg>
<arg>Log To Console</arg>
<arg>\n⚠️ Toast sumiu antes da verificação — gravação OK.</arg>
<doc>Runs the given keyword with the given arguments, if ``condition`` is true.</doc>
<kw name="Log To Console" library="BuiltIn">
<arg>\n⚠️ Toast sumiu antes da verificação — gravação OK.</arg>
<doc>Logs the given message to the console.</doc>
<status status="PASS" starttime="20260410 16:30:00.820" endtime="20260410 16:30:00.820"/>
</kw>
<status status="PASS" starttime="20260410 16:30:00.819" endtime="20260410 16:30:00.821"/>
</kw>
<kw name="Run Keyword And Return Status" library="BuiltIn">
<var>${tem_popup}</var>
<arg>Wait Until Element Is Visible</arg>
<arg>xpath=${popUpAcoes.popUp}</arg>
<arg>5s</arg>
<doc>Runs the given keyword with given arguments and returns the status as a Boolean value.</doc>
<kw name="Wait Until Element Is Visible" library="SeleniumLibrary">
<arg>xpath=${popUpAcoes.popUp}</arg>
<arg>5s</arg>
<doc>Waits until the element ``locator`` is visible.</doc>
<msg timestamp="20260410 16:30:06.051" level="INFO" html="true">&lt;/td&gt;&lt;/tr&gt;&lt;tr&gt;&lt;td colspan="3"&gt;&lt;a href="selenium-screenshot-111.png"&gt;&lt;img src="selenium-screenshot-111.png" width="800px"&gt;&lt;/a&gt;</msg>
<msg timestamp="20260410 16:30:06.051" level="FAIL">Element 'xpath=//*[@id="principal"]/div[2]/div/div[2]/div' not visible after 5 seconds.</msg>
<status status="FAIL" starttime="20260410 16:30:00.821" endtime="20260410 16:30:06.053"/>
</kw>
<msg timestamp="20260410 16:30:06.053" level="INFO">${tem_popup} = False</msg>
<status status="PASS" starttime="20260410 16:30:00.821" endtime="20260410 16:30:06.053"/>
</kw>
<kw name="Run Keyword If" library="BuiltIn">
<arg>${tem_popup}</arg>
<arg>Click Forcado JS</arg>
<arg>css=#popup0 a:last-child</arg>
<doc>Runs the given keyword with the given arguments, if ``condition`` is true.</doc>
<status status="PASS" starttime="20260410 16:30:06.053" endtime="20260410 16:30:06.054"/>
</kw>
<kw name="Run Keyword If" library="BuiltIn">
<arg>${tem_popup}</arg>
<arg>Wait Until Element Is Not Visible</arg>
<arg>css=.minimalist-popup-background</arg>
<arg>10s</arg>
<doc>Runs the given keyword with the given arguments, if ``condition`` is true.</doc>
<status status="PASS" starttime="20260410 16:30:06.054" endtime="20260410 16:30:06.054"/>
</kw>
<kw name="Log To Console" library="BuiltIn">
<arg>✅ Edição de cliente concluída com sucesso!</arg>
<doc>Logs the given message to the console.</doc>
<status status="PASS" starttime="20260410 16:30:06.054" endtime="20260410 16:30:06.054"/>
</kw>
<status status="PASS" starttime="20260410 16:29:54.453" endtime="20260410 16:30:06.054"/>
</kw>
<kw name="Log To Console" library="BuiltIn">
<arg>✅ Cliente inativado com sucesso na tela.</arg>
<doc>Logs the given message to the console.</doc>
<status status="PASS" starttime="20260410 16:30:06.054" endtime="20260410 16:30:06.055"/>
</kw>
<status status="PASS" starttime="20260410 16:29:53.740" endtime="20260410 16:30:06.055"/>
</kw>
<kw name="Valida cliente inativo no banco" library="cadastroClienteResource">
<kw name="Log To Console" library="BuiltIn">
<arg>\n--- Validando Inativação no Banco ---</arg>
<doc>Logs the given message to the console.</doc>
<status status="PASS" starttime="20260410 16:30:06.056" endtime="20260410 16:30:06.056"/>
</kw>
<kw name="Sleep" library="BuiltIn">
<arg>2s</arg>
<doc>Pauses the test executed for the given time.</doc>
<msg timestamp="20260410 16:30:08.057" level="INFO">Slept 2 seconds</msg>
<status status="PASS" starttime="20260410 16:30:06.056" endtime="20260410 16:30:08.057"/>
</kw>
<kw name="Query" library="DatabaseLibrary">
<var>${res}</var>
<arg>SELECT idnativo FROM parceiro WHERE idparceiro = ${idparceiro_inativacao}</arg>
<doc>Runs a query with the ``select_statement`` and returns the result as list of rows.
The type of row values depends on the database module -
usually they are tuples or tuple-like objects.</doc>
<msg timestamp="20260410 16:30:08.058" level="INFO" html="true">Executing sql:&lt;br&gt;&lt;code style="font-weight: bold;"&gt;SELECT idnativo FROM parceiro WHERE idparceiro = 53073&lt;/code&gt;</msg>
<msg timestamp="20260410 16:30:08.091" level="INFO">Commit the transaction</msg>
<msg timestamp="20260410 16:30:08.105" level="INFO" html="true">&lt;div style="max-width: 100%; overflow-x: auto; max-height: 500px; overflow-y: auto;"&gt;&lt;table style="width: auto; border-collapse: collapse; border: 2px solid rgb(140 140 140)"&gt;&lt;caption style="text-align: left; font-weight: bold; padding: 5px;"&gt;Query returned 1 rows&lt;/caption&gt;&lt;tr&gt;&lt;th scope="col" style="position: sticky; top: 0; color:black; background-color: #d6ecd4; border: 1px solid rgb(160 160 160);padding: 8px 10px;text-align: center;"&gt;Row&lt;/th&gt;&lt;th scope="col" style="position: sticky; top: 0; background-color: #505050; color: #fff;border: 1px solid rgb(160 160 160);padding: 8px 10px;text-align: center;"&gt;idnativo&lt;/th&gt;&lt;/tr&gt;&lt;tr style="background-color: var(--secondary-color, #eee)"&gt;&lt;th scope="row" style="color:black; background-color: #d6ecd4;border: 1px solid rgb(160 160 160);padding: 8px 10px;text-align: center;"&gt;0&lt;/th&gt;&lt;td style="border: 1px solid rgb(160 160 160);padding: 8px 10px;text-align: center;"&gt;0&lt;/td&gt;&lt;/tr&gt;&lt;/table&gt;&lt;/div&gt;</msg>
<msg timestamp="20260410 16:30:08.105" level="INFO">${res} = [(0,)]</msg>
<status status="PASS" starttime="20260410 16:30:08.057" endtime="20260410 16:30:08.105"/>
</kw>
<kw name="Set Variable" library="BuiltIn">
<var>${idnativo}</var>
<arg>${res[0][0]}</arg>
<doc>Returns the given values which can then be assigned to a variables.</doc>
<msg timestamp="20260410 16:30:08.107" level="INFO">${idnativo} = 0</msg>
<status status="PASS" starttime="20260410 16:30:08.106" endtime="20260410 16:30:08.107"/>
</kw>
<kw name="Should Be Equal As Integers" library="BuiltIn">
<arg>${idnativo}</arg>
<arg>0</arg>
<arg>msg=❌ Cliente não foi inativado no banco. idnativo=${idnativo}</arg>
<doc>Fails if objects are unequal after converting them to integers.</doc>
<msg timestamp="20260410 16:30:08.108" level="INFO">Argument types are:
&lt;class 'int'&gt;
&lt;class 'str'&gt;</msg>
<status status="PASS" starttime="20260410 16:30:08.107" endtime="20260410 16:30:08.108"/>
</kw>
<kw name="Log To Console" library="BuiltIn">
<arg>✅ Cliente validado como inativo no banco! idnativo=${idnativo}</arg>
<doc>Logs the given message to the console.</doc>
<status status="PASS" starttime="20260410 16:30:08.108" endtime="20260410 16:30:08.108"/>
</kw>
<status status="PASS" starttime="20260410 16:30:06.056" endtime="20260410 16:30:08.109"/>
</kw>
<doc>DTSFASAPP-T1131: Reativa cliente no BD, acessa edição,
inativa via UI (rdAtivonao) e valida idnativo=0 no banco.</doc>
<status status="PASS" starttime="20260410 16:29:42.511" endtime="20260410 16:30:08.109"/>
</test>
<kw name="Disconnect From Database" library="DatabaseLibrary" type="TEARDOWN">
<doc>Disconnects from the database.</doc>
<status status="PASS" starttime="20260410 16:30:08.110" endtime="20260410 16:30:08.111"/>
</kw>
<doc>Arquivo utilizado para armazenar os testes relativos a cadastro de clientes.</doc>
<status status="PASS" starttime="20260410 16:24:45.260" endtime="20260410 16:30:08.111"/>
</suite>
<statistics>
<total>
<stat pass="8" fail="0" skip="0">All Tests</stat>
</total>
<tag>
</tag>
<suite>
<stat pass="8" fail="0" skip="0" id="s1" name="cadastroCliente">cadastroCliente</stat>
</suite>
</statistics>
<errors>
</errors>
</robot>
