<?xml version="1.0" encoding="UTF-8"?>
<robot generator="Robot 4.1.1 (Python 3.10.0 on win32)" generated="20220309 16:50:02.719" rpa="false" schemaversion="2">
<suite id="s1" name="cadastroCliente" source="C:\Users\jaime.rosa\Documents\Automação Totvs\testes-integrados\test\cadastroCliente.robot">
<test id="s1-t1" name="Caso de teste 01: Abrir navegador">
<kw name="Abrir navegador chrome" library="globalVariables">
<doc>Abre uma página do chrome na página de login</doc>
<kw name="Open Browser" library="SeleniumLibrary">
<arg>${URL}</arg>
<arg>${CHROME}</arg>
<doc>Opens a new browser instance to the optional ``url``.</doc>
<msg timestamp="20220309 16:50:05.476" level="INFO">Opening browser 'Firefox' to base url 'http://qa03.sfa.wssim.com.br:9004/totvscrmsfa/'.</msg>
<msg timestamp="20220309 16:50:05.488" level="INFO">Firefox driver log is always forced to to: C:\Users\jaime.rosa\Documents\Automação Totvs\testes-integrados\result\ResultadocadastroCliente\geckodriver-1.log</msg>
<kw name="Capture Page Screenshot" library="SeleniumLibrary">
<doc>Takes a screenshot of the current page and embeds it into a log file.</doc>
<msg timestamp="20220309 16:50:05.602" level="INFO">Cannot capture screenshot because no browser is open.</msg>
<status status="PASS" starttime="20220309 16:50:05.602" endtime="20220309 16:50:05.602"/>
</kw>
<msg timestamp="20220309 16:50:05.614" level="FAIL">WebDriverException: Message: 'geckodriver' executable needs to be in PATH. 
</msg>
<status status="FAIL" starttime="20220309 16:50:05.475" endtime="20220309 16:50:05.614"/>
</kw>
<kw name="Maximize Browser Window" library="SeleniumLibrary">
<doc>Maximizes current browser window.</doc>
<status status="NOT RUN" starttime="20220309 16:50:05.615" endtime="20220309 16:50:05.615"/>
</kw>
<kw name="Wait Until Page Contains Element" library="SeleniumLibrary">
<arg>id=${CENTRO DE LOGIN}</arg>
<arg>timeout=50</arg>
<doc>Waits until the element ``locator`` appears on the current page.</doc>
<status status="NOT RUN" starttime="20220309 16:50:05.616" endtime="20220309 16:50:05.616"/>
</kw>
<status status="FAIL" starttime="20220309 16:50:05.463" endtime="20220309 16:50:05.617"/>
</kw>
<doc>Caso de teste, abrindo o CRM</doc>
<tag>Navegador</tag>
<status status="FAIL" starttime="20220309 16:50:05.433" endtime="20220309 16:50:05.618">WebDriverException: Message: 'geckodriver' executable needs to be in PATH. 
</status>
</test>
<test id="s1-t2" name="caso de teste 02: Realizar o login">
<kw name="Realizar login" library="loginResources">
<kw name="Input Text" library="SeleniumLibrary">
<arg>id=${LOGIN PROFISSIONAL}</arg>
<arg>01000016</arg>
<doc>Types the given ``text`` into the text field identified by ``locator``.</doc>
<msg timestamp="20220309 16:50:05.629" level="INFO">Typing text '01000016' into text field 'id=formusuario'.</msg>
<kw name="Capture Page Screenshot" library="SeleniumLibrary">
<doc>Takes a screenshot of the current page and embeds it into a log file.</doc>
<msg timestamp="20220309 16:50:05.630" level="INFO">Cannot capture screenshot because no browser is open.</msg>
<status status="PASS" starttime="20220309 16:50:05.630" endtime="20220309 16:50:05.630"/>
</kw>
<msg timestamp="20220309 16:50:05.640" level="FAIL">No browser is open.</msg>
<status status="FAIL" starttime="20220309 16:50:05.627" endtime="20220309 16:50:05.640"/>
</kw>
<kw name="Sleep" library="BuiltIn">
<arg>1s</arg>
<doc>Pauses the test executed for the given time.</doc>
<status status="NOT RUN" starttime="20220309 16:50:05.641" endtime="20220309 16:50:05.641"/>
</kw>
<kw name="Input Text" library="SeleniumLibrary">
<arg>id=${SENHA PROFISSIONAL}</arg>
<arg>12</arg>
<doc>Types the given ``text`` into the text field identified by ``locator``.</doc>
<status status="NOT RUN" starttime="20220309 16:50:05.642" endtime="20220309 16:50:05.642"/>
</kw>
<kw name="Sleep" library="BuiltIn">
<arg>1s</arg>
<doc>Pauses the test executed for the given time.</doc>
<status status="NOT RUN" starttime="20220309 16:50:05.642" endtime="20220309 16:50:05.643"/>
</kw>
<kw name="Click Element" library="SeleniumLibrary">
<arg>id=${BOTÂO ENTRAR}</arg>
<doc>Click the element identified by ``locator``.</doc>
<status status="NOT RUN" starttime="20220309 16:50:05.643" endtime="20220309 16:50:05.643"/>
</kw>
<status status="FAIL" starttime="20220309 16:50:05.626" endtime="20220309 16:50:05.644"/>
</kw>
<doc>Caso de teste, Realizar Login</doc>
<tag>Login</tag>
<status status="FAIL" starttime="20220309 16:50:05.624" endtime="20220309 16:50:05.645">No browser is open.</status>
</test>
<test id="s1-t3" name="Caso de teste 03: Acessar novo Cliente">
<kw name="entrar em cliente" library="cadastroClienteResources">
<kw name="Wait Until Page Contains Element" library="SeleniumLibrary">
<arg>id=${CLIENTE MENU}</arg>
<arg>timeout=50</arg>
<doc>Waits until the element ``locator`` appears on the current page.</doc>
<kw name="Capture Page Screenshot" library="SeleniumLibrary">
<doc>Takes a screenshot of the current page and embeds it into a log file.</doc>
<msg timestamp="20220309 16:50:05.677" level="INFO">Cannot capture screenshot because no browser is open.</msg>
<status status="PASS" starttime="20220309 16:50:05.677" endtime="20220309 16:50:05.677"/>
</kw>
<msg timestamp="20220309 16:50:05.686" level="FAIL">No browser is open.</msg>
<status status="FAIL" starttime="20220309 16:50:05.660" endtime="20220309 16:50:05.687"/>
</kw>
<kw name="Click Element" library="SeleniumLibrary">
<arg>id=${CLIENTE MENU}</arg>
<doc>Click the element identified by ``locator``.</doc>
<status status="NOT RUN" starttime="20220309 16:50:05.688" endtime="20220309 16:50:05.688"/>
</kw>
<kw name="Sleep" library="BuiltIn">
<arg>0.2s</arg>
<doc>Pauses the test executed for the given time.</doc>
<status status="NOT RUN" starttime="20220309 16:50:05.689" endtime="20220309 16:50:05.691"/>
</kw>
<kw name="Click Element" library="SeleniumLibrary">
<arg>id=${MENU CLIENTE CADASTRAR}</arg>
<doc>Click the element identified by ``locator``.</doc>
<status status="NOT RUN" starttime="20220309 16:50:05.692" endtime="20220309 16:50:05.692"/>
</kw>
<kw name="Sleep" library="BuiltIn">
<arg>0.2s</arg>
<doc>Pauses the test executed for the given time.</doc>
<status status="NOT RUN" starttime="20220309 16:50:05.692" endtime="20220309 16:50:05.693"/>
</kw>
<kw name="Click Element" library="SeleniumLibrary">
<arg>id=${MENU CLIENTE NOVO}</arg>
<doc>Click the element identified by ``locator``.</doc>
<status status="NOT RUN" starttime="20220309 16:50:05.705" endtime="20220309 16:50:05.705"/>
</kw>
<kw name="Wait Until Page Contains Element" library="SeleniumLibrary">
<arg>id=${TELA CADASTRO CLIENTE}</arg>
<doc>Waits until the element ``locator`` appears on the current page.</doc>
<status status="NOT RUN" starttime="20220309 16:50:05.706" endtime="20220309 16:50:05.706"/>
</kw>
<status status="FAIL" starttime="20220309 16:50:05.659" endtime="20220309 16:50:05.725"/>
</kw>
<tag>Cadastro Cliente</tag>
<status status="FAIL" starttime="20220309 16:50:05.648" endtime="20220309 16:50:05.747">No browser is open.</status>
</test>
<test id="s1-t4" name="Caso de teste 04: Preenchimento de dados na aba geral">
<kw name="cadastro cliente geral" library="cadastroClienteResources">
<kw name="Wait Until Page Contains Element" library="SeleniumLibrary">
<arg>Xpath=${TIPO PESSOA JURIDICA}</arg>
<doc>Waits until the element ``locator`` appears on the current page.</doc>
<kw name="Capture Page Screenshot" library="SeleniumLibrary">
<doc>Takes a screenshot of the current page and embeds it into a log file.</doc>
<msg timestamp="20220309 16:50:05.829" level="INFO">Cannot capture screenshot because no browser is open.</msg>
<status status="PASS" starttime="20220309 16:50:05.828" endtime="20220309 16:50:05.829"/>
</kw>
<msg timestamp="20220309 16:50:05.839" level="FAIL">No browser is open.</msg>
<status status="FAIL" starttime="20220309 16:50:05.827" endtime="20220309 16:50:05.839"/>
</kw>
<kw name="Click Element" library="SeleniumLibrary">
<arg>Xpath=${TIPO PESSOA JURIDICA}</arg>
<doc>Click the element identified by ``locator``.</doc>
<status status="NOT RUN" starttime="20220309 16:50:05.840" endtime="20220309 16:50:05.840"/>
</kw>
<kw name="Click Element" library="SeleniumLibrary">
<arg>Xpath=${CONTRIBUINTE NÂO}</arg>
<doc>Click the element identified by ``locator``.</doc>
<status status="NOT RUN" starttime="20220309 16:50:05.841" endtime="20220309 16:50:05.841"/>
</kw>
<kw name="Name" library="FakerLibrary">
<var>${NOME FAKE}</var>
<doc>:example 'John Doe'</doc>
<status status="NOT RUN" starttime="20220309 16:50:05.841" endtime="20220309 16:50:05.842"/>
</kw>
<kw name="Press Keys" library="SeleniumLibrary">
<arg>Name=${NOME CLIENTE}</arg>
<arg>${NOME FAKE}</arg>
<doc>Simulates the user pressing key(s) to an element or on the active browser.</doc>
<status status="NOT RUN" starttime="20220309 16:50:05.842" endtime="20220309 16:50:05.843"/>
</kw>
<kw name="Sleep" library="BuiltIn">
<arg>0.2s</arg>
<doc>Pauses the test executed for the given time.</doc>
<status status="NOT RUN" starttime="20220309 16:50:05.844" endtime="20220309 16:50:05.844"/>
</kw>
<kw name="Click Element" library="SeleniumLibrary">
<arg>Name=${NOME FANTASIA}</arg>
<doc>Click the element identified by ``locator``.</doc>
<status status="NOT RUN" starttime="20220309 16:50:05.844" endtime="20220309 16:50:05.845"/>
</kw>
<kw name="Press Keys" library="SeleniumLibrary">
<arg>Name=${NOME FANTASIA}</arg>
<arg>${NOME FAKE}</arg>
<doc>Simulates the user pressing key(s) to an element or on the active browser.</doc>
<status status="NOT RUN" starttime="20220309 16:50:05.845" endtime="20220309 16:50:05.846"/>
</kw>
<kw name="Sleep" library="BuiltIn">
<arg>0.1s</arg>
<doc>Pauses the test executed for the given time.</doc>
<status status="NOT RUN" starttime="20220309 16:50:05.847" endtime="20220309 16:50:05.847"/>
</kw>
<kw name="Click Element" library="SeleniumLibrary">
<arg>Name=${NUMERO MATRICULA}</arg>
<doc>Click the element identified by ``locator``.</doc>
<status status="NOT RUN" starttime="20220309 16:50:05.847" endtime="20220309 16:50:05.848"/>
</kw>
<kw name="Random Number" library="FakerLibrary">
<var>${NUMERO FAKE}</var>
<doc>Generate a random integer according to the following rules:</doc>
<status status="NOT RUN" starttime="20220309 16:50:05.854" endtime="20220309 16:50:05.854"/>
</kw>
<kw name="Press Keys" library="SeleniumLibrary">
<arg>Name=${NUMERO MATRICULA}</arg>
<arg>${NUMERO FAKE}</arg>
<doc>Simulates the user pressing key(s) to an element or on the active browser.</doc>
<status status="NOT RUN" starttime="20220309 16:50:05.854" endtime="20220309 16:50:05.854"/>
</kw>
<kw name="Click Element" library="SeleniumLibrary">
<arg>id=${CLASSIFICAÇÂO CLIENTE}</arg>
<doc>Click the element identified by ``locator``.</doc>
<status status="NOT RUN" starttime="20220309 16:50:05.855" endtime="20220309 16:50:05.855"/>
</kw>
<kw name="Sleep" library="BuiltIn">
<arg>0.6s</arg>
<doc>Pauses the test executed for the given time.</doc>
<status status="NOT RUN" starttime="20220309 16:50:05.855" endtime="20220309 16:50:05.855"/>
</kw>
<kw name="Press Keys" library="SeleniumLibrary">
<arg>id=${CLASSIFICAÇÂO CLIENTE}</arg>
<arg>ARROW_DOWN</arg>
<doc>Simulates the user pressing key(s) to an element or on the active browser.</doc>
<status status="NOT RUN" starttime="20220309 16:50:05.856" endtime="20220309 16:50:05.856"/>
</kw>
<status status="FAIL" starttime="20220309 16:50:05.825" endtime="20220309 16:50:05.859"/>
</kw>
<tag>Cadastro Cliente</tag>
<status status="FAIL" starttime="20220309 16:50:05.822" endtime="20220309 16:50:05.863">No browser is open.</status>
</test>
<test id="s1-t5" name="Caso de teste 05: Preenchimento de dados na aba complemento">
<kw name="cadastro cliente complemento" library="cadastroClienteResources">
<kw name="Sleep" library="BuiltIn">
<arg>1s</arg>
<doc>Pauses the test executed for the given time.</doc>
<msg timestamp="20220309 16:50:07.016" level="INFO">Slept 1 second</msg>
<status status="PASS" starttime="20220309 16:50:06.012" endtime="20220309 16:50:07.016"/>
</kw>
<kw name="Scroll Element Into View" library="SeleniumLibrary">
<arg>Name=${VALOR CAPITAL INTEGRAL}</arg>
<doc>Scrolls the element identified by ``locator`` into view.</doc>
<kw name="Capture Page Screenshot" library="SeleniumLibrary">
<doc>Takes a screenshot of the current page and embeds it into a log file.</doc>
<msg timestamp="20220309 16:50:07.018" level="INFO">Cannot capture screenshot because no browser is open.</msg>
<status status="PASS" starttime="20220309 16:50:07.018" endtime="20220309 16:50:07.018"/>
</kw>
<msg timestamp="20220309 16:50:07.022" level="FAIL">No browser is open.</msg>
<status status="FAIL" starttime="20220309 16:50:07.016" endtime="20220309 16:50:07.022"/>
</kw>
<kw name="Cnpj" library="FakerLibrary">
<var>${CNPJ FAKE}</var>
<status status="NOT RUN" starttime="20220309 16:50:07.023" endtime="20220309 16:50:07.023"/>
</kw>
<kw name="Press Keys" library="SeleniumLibrary">
<arg>Name=${CNPJ}</arg>
<arg>${CNPJ FAKE}</arg>
<doc>Simulates the user pressing key(s) to an element or on the active browser.</doc>
<status status="NOT RUN" starttime="20220309 16:50:07.024" endtime="20220309 16:50:07.024"/>
</kw>
<kw name="Press Keys" library="SeleniumLibrary">
<arg>Name=${NUMERO DE FUNCIONARIOS}</arg>
<arg>1500</arg>
<doc>Simulates the user pressing key(s) to an element or on the active browser.</doc>
<status status="NOT RUN" starttime="20220309 16:50:07.024" endtime="20220309 16:50:07.024"/>
</kw>
<kw name="Date" library="FakerLibrary">
<var>${DATA FAKE}</var>
<arg>pattern=%d-%m-%Y</arg>
<doc>Get a date string between January 1, 1970 and now
:param pattern: format
:example: '2008-11-27'</doc>
<status status="NOT RUN" starttime="20220309 16:50:07.025" endtime="20220309 16:50:07.025"/>
</kw>
<kw name="Press Keys" library="SeleniumLibrary">
<arg>Name=${DATA FUNDAÇÂO}</arg>
<arg>${DATA FAKE}</arg>
<doc>Simulates the user pressing key(s) to an element or on the active browser.</doc>
<status status="NOT RUN" starttime="20220309 16:50:07.025" endtime="20220309 16:50:07.025"/>
</kw>
<kw name="Random Number" library="FakerLibrary">
<var>${FATURAMENTO FAKE}</var>
<doc>Generate a random integer according to the following rules:</doc>
<status status="NOT RUN" starttime="20220309 16:50:07.025" endtime="20220309 16:50:07.026"/>
</kw>
<kw name="Press Keys" library="SeleniumLibrary">
<arg>Name=${VALOR FATURAMENTO}</arg>
<arg>${FATURAMENTO FAKE}</arg>
<doc>Simulates the user pressing key(s) to an element or on the active browser.</doc>
<status status="NOT RUN" starttime="20220309 16:50:07.026" endtime="20220309 16:50:07.026"/>
</kw>
<kw name="Press Keys" library="SeleniumLibrary">
<arg>Name=${VALOR CAPITAL SOCIAL}</arg>
<arg>${FATURAMENTO FAKE}</arg>
<doc>Simulates the user pressing key(s) to an element or on the active browser.</doc>
<status status="NOT RUN" starttime="20220309 16:50:07.026" endtime="20220309 16:50:07.026"/>
</kw>
<kw name="Press Keys" library="SeleniumLibrary">
<arg>Name=${VALOR CAPITAL SUBSCRITO}</arg>
<arg>${FATURAMENTO FAKE}</arg>
<doc>Simulates the user pressing key(s) to an element or on the active browser.</doc>
<status status="NOT RUN" starttime="20220309 16:50:07.027" endtime="20220309 16:50:07.027"/>
</kw>
<kw name="Press Keys" library="SeleniumLibrary">
<arg>Name=${VALOR CAPITAL INTEGRAL}</arg>
<arg>${FATURAMENTO FAKE}</arg>
<doc>Simulates the user pressing key(s) to an element or on the active browser.</doc>
<status status="NOT RUN" starttime="20220309 16:50:07.027" endtime="20220309 16:50:07.028"/>
</kw>
<status status="FAIL" starttime="20220309 16:50:06.004" endtime="20220309 16:50:07.028"/>
</kw>
<tag>Cadastro Cliente</tag>
<status status="FAIL" starttime="20220309 16:50:05.994" endtime="20220309 16:50:07.033">No browser is open.</status>
</test>
<test id="s1-t6" name="Caso de teste 06: Preenchimento de dados na aba informações adicionais">
<kw name="cadastro cliente informações adicionais" library="cadastroClienteResources">
<kw name="Scroll Element Into View" library="SeleniumLibrary">
<arg>id=${CNPJ MATRIZ}</arg>
<doc>Scrolls the element identified by ``locator`` into view.</doc>
<kw name="Capture Page Screenshot" library="SeleniumLibrary">
<doc>Takes a screenshot of the current page and embeds it into a log file.</doc>
<msg timestamp="20220309 16:50:07.057" level="INFO">Cannot capture screenshot because no browser is open.</msg>
<status status="PASS" starttime="20220309 16:50:07.057" endtime="20220309 16:50:07.058"/>
</kw>
<msg timestamp="20220309 16:50:07.068" level="FAIL">No browser is open.</msg>
<status status="FAIL" starttime="20220309 16:50:07.055" endtime="20220309 16:50:07.068"/>
</kw>
<kw name="Press Keys" library="SeleniumLibrary">
<arg>id=${INSTRUÇÂO}</arg>
<arg>ARROW_DOWN</arg>
<doc>Simulates the user pressing key(s) to an element or on the active browser.</doc>
<status status="NOT RUN" starttime="20220309 16:50:07.071" endtime="20220309 16:50:07.072"/>
</kw>
<kw name="Sleep" library="BuiltIn">
<arg>0.5s</arg>
<doc>Pauses the test executed for the given time.</doc>
<status status="NOT RUN" starttime="20220309 16:50:07.072" endtime="20220309 16:50:07.073"/>
</kw>
<kw name="Press Keys" library="SeleniumLibrary">
<arg>id=${NATUREZA}</arg>
<arg>ARROW_DOWN</arg>
<doc>Simulates the user pressing key(s) to an element or on the active browser.</doc>
<status status="NOT RUN" starttime="20220309 16:50:07.073" endtime="20220309 16:50:07.073"/>
</kw>
<kw name="Sleep" library="BuiltIn">
<arg>0.5s</arg>
<doc>Pauses the test executed for the given time.</doc>
<status status="NOT RUN" starttime="20220309 16:50:07.073" endtime="20220309 16:50:07.074"/>
</kw>
<kw name="Press Keys" library="SeleniumLibrary">
<arg>id=${GRUPO TRIBUTAÇÂO}</arg>
<arg>ARROW_DOWN</arg>
<doc>Simulates the user pressing key(s) to an element or on the active browser.</doc>
<status status="NOT RUN" starttime="20220309 16:50:07.074" endtime="20220309 16:50:07.074"/>
</kw>
<kw name="Cnpj" library="FakerLibrary">
<var>${CNPJ FAKE}</var>
<status status="NOT RUN" starttime="20220309 16:50:07.074" endtime="20220309 16:50:07.075"/>
</kw>
<kw name="Press Keys" library="SeleniumLibrary">
<arg>id=${CNPJ MATRIZ}</arg>
<arg>${CNPJ FAKE}</arg>
<doc>Simulates the user pressing key(s) to an element or on the active browser.</doc>
<status status="NOT RUN" starttime="20220309 16:50:07.075" endtime="20220309 16:50:07.075"/>
</kw>
<status status="FAIL" starttime="20220309 16:50:07.054" endtime="20220309 16:50:07.084"/>
</kw>
<tag>Cadastro Cliente</tag>
<status status="FAIL" starttime="20220309 16:50:07.048" endtime="20220309 16:50:07.105">No browser is open.</status>
</test>
<test id="s1-t7" name="Caso de teste 07: Preenchimento de dados na aba geral (local)">
<kw name="cadastro cliente geral local" library="cadastroClienteResources">
<kw name="Press Keys" library="SeleniumLibrary">
<arg>Name=${LOCAL DESCRIÇÂO}</arg>
<arg>TESTE ROBOT</arg>
<doc>Simulates the user pressing key(s) to an element or on the active browser.</doc>
<msg timestamp="20220309 16:50:07.214" level="INFO">Sending key(s) ('TESTE ROBOT',) to Name=local_descricao element.</msg>
<kw name="Capture Page Screenshot" library="SeleniumLibrary">
<doc>Takes a screenshot of the current page and embeds it into a log file.</doc>
<msg timestamp="20220309 16:50:07.218" level="INFO">Cannot capture screenshot because no browser is open.</msg>
<status status="PASS" starttime="20220309 16:50:07.214" endtime="20220309 16:50:07.222"/>
</kw>
<msg timestamp="20220309 16:50:07.225" level="FAIL">No browser is open.</msg>
<status status="FAIL" starttime="20220309 16:50:07.212" endtime="20220309 16:50:07.225"/>
</kw>
<kw name="Cnpj" library="FakerLibrary">
<var>${CNPJ FAKE}</var>
<status status="NOT RUN" starttime="20220309 16:50:07.227" endtime="20220309 16:50:07.227"/>
</kw>
<kw name="Press Keys" library="SeleniumLibrary">
<arg>Name=${CNPJ LOCAL}</arg>
<arg>${CNPJ FAKE}</arg>
<doc>Simulates the user pressing key(s) to an element or on the active browser.</doc>
<status status="NOT RUN" starttime="20220309 16:50:07.228" endtime="20220309 16:50:07.228"/>
</kw>
<kw name="Street Name" library="FakerLibrary">
<var>${LOGRADOURO FAKE}</var>
<doc>:example: 'Crist Parks'</doc>
<status status="NOT RUN" starttime="20220309 16:50:07.230" endtime="20220309 16:50:07.230"/>
</kw>
<kw name="Press Keys" library="SeleniumLibrary">
<arg>Name=${LOGRADOURO}</arg>
<arg>${LOGRADOURO FAKE}</arg>
<doc>Simulates the user pressing key(s) to an element or on the active browser.</doc>
<status status="NOT RUN" starttime="20220309 16:50:07.231" endtime="20220309 16:50:07.231"/>
</kw>
<kw name="Random Int" library="FakerLibrary">
<var>${NUMERO LOGRADOURO FAKE}</var>
<arg>min=10</arg>
<arg>max=20000</arg>
<doc>Generate a random integer between two integers ``min`` and ``max`` inclusive
while observing the provided ``step`` value.</doc>
<status status="NOT RUN" starttime="20220309 16:50:07.233" endtime="20220309 16:50:07.234"/>
</kw>
<kw name="Press Keys" library="SeleniumLibrary">
<arg>Name=${NUMERO LOGRADOURO}</arg>
<arg>102</arg>
<doc>Simulates the user pressing key(s) to an element or on the active browser.</doc>
<status status="NOT RUN" starttime="20220309 16:50:07.238" endtime="20220309 16:50:07.239"/>
</kw>
<kw name="Press Keys" library="SeleniumLibrary">
<arg>Name=${BAIRRO}</arg>
<arg>BAIRRO TESTE</arg>
<doc>Simulates the user pressing key(s) to an element or on the active browser.</doc>
<status status="NOT RUN" starttime="20220309 16:50:07.241" endtime="20220309 16:50:07.241"/>
</kw>
<kw name="Press Keys" library="SeleniumLibrary">
<arg>Name=${COMPLEMENTO}</arg>
<arg>TESTE COMPLEMENTO</arg>
<doc>Simulates the user pressing key(s) to an element or on the active browser.</doc>
<status status="NOT RUN" starttime="20220309 16:50:07.242" endtime="20220309 16:50:07.242"/>
</kw>
<kw name="Postcode" library="FakerLibrary">
<var>${CEP FAKE}</var>
<doc>Randomly returns a postcode.
:param formatted: True to allow formatted postcodes, else False (default True)
:example formatted: '41224-212' '83992-291' '12324322'
:example raw: '43920231' '34239530'</doc>
<status status="NOT RUN" starttime="20220309 16:50:07.243" endtime="20220309 16:50:07.243"/>
</kw>
<kw name="Press Keys" library="SeleniumLibrary">
<arg>Name=${CEP}</arg>
<arg>${CEP FAKE}</arg>
<doc>Simulates the user pressing key(s) to an element or on the active browser.</doc>
<status status="NOT RUN" starttime="20220309 16:50:07.243" endtime="20220309 16:50:07.243"/>
</kw>
<kw name="Random Int" library="FakerLibrary">
<var>${CAIXA POSTAL FAKE}</var>
<arg>min=10</arg>
<arg>max=2000</arg>
<doc>Generate a random integer between two integers ``min`` and ``max`` inclusive
while observing the provided ``step`` value.</doc>
<status status="NOT RUN" starttime="20220309 16:50:07.244" endtime="20220309 16:50:07.244"/>
</kw>
<kw name="Press Keys" library="SeleniumLibrary">
<arg>Name=${CAIXA POSTAL}</arg>
<arg>${CAIXA POSTAL FAKE}</arg>
<doc>Simulates the user pressing key(s) to an element or on the active browser.</doc>
<status status="NOT RUN" starttime="20220309 16:50:07.244" endtime="20220309 16:50:07.245"/>
</kw>
<kw name="Press Keys" library="SeleniumLibrary">
<arg>id=${UF}</arg>
<arg>ARROW_DOWN</arg>
<doc>Simulates the user pressing key(s) to an element or on the active browser.</doc>
<status status="NOT RUN" starttime="20220309 16:50:07.245" endtime="20220309 16:50:07.245"/>
</kw>
<kw name="Sleep" library="BuiltIn">
<arg>0.5s</arg>
<doc>Pauses the test executed for the given time.</doc>
<status status="NOT RUN" starttime="20220309 16:50:07.246" endtime="20220309 16:50:07.246"/>
</kw>
<kw name="Click Element" library="SeleniumLibrary">
<arg>id=${CIDADE}</arg>
<doc>Click the element identified by ``locator``.</doc>
<status status="NOT RUN" starttime="20220309 16:50:07.246" endtime="20220309 16:50:07.246"/>
</kw>
<kw name="Press Keys" library="SeleniumLibrary">
<arg>id=${CIDADE}</arg>
<arg>ARROW_DOWN</arg>
<doc>Simulates the user pressing key(s) to an element or on the active browser.</doc>
<status status="NOT RUN" starttime="20220309 16:50:07.247" endtime="20220309 16:50:07.247"/>
</kw>
<kw name="Random Int" library="FakerLibrary">
<var>${CREDITO FAKE}</var>
<arg>min=10000</arg>
<arg>max=200000</arg>
<doc>Generate a random integer between two integers ``min`` and ``max`` inclusive
while observing the provided ``step`` value.</doc>
<status status="NOT RUN" starttime="20220309 16:50:07.247" endtime="20220309 16:50:07.248"/>
</kw>
<kw name="Press Keys" library="SeleniumLibrary">
<arg>id=${LIMITE CREDITO}</arg>
<arg>${CREDITO FAKE}</arg>
<doc>Simulates the user pressing key(s) to an element or on the active browser.</doc>
<status status="NOT RUN" starttime="20220309 16:50:07.257" endtime="20220309 16:50:07.257"/>
</kw>
<kw name="Phone Number" library="FakerLibrary">
<var>${TELEFONE FAKE}</var>
<status status="NOT RUN" starttime="20220309 16:50:07.258" endtime="20220309 16:50:07.258"/>
</kw>
<kw name="Press Keys" library="SeleniumLibrary">
<arg>id=${TELEFONE}</arg>
<arg>${TELEFONE FAKE}</arg>
<doc>Simulates the user pressing key(s) to an element or on the active browser.</doc>
<status status="NOT RUN" starttime="20220309 16:50:07.258" endtime="20220309 16:50:07.259"/>
</kw>
<kw name="Scroll Element Into View" library="SeleniumLibrary">
<arg>Name=${INSCRIÇÂO SUFRAMA}</arg>
<doc>Scrolls the element identified by ``locator`` into view.</doc>
<status status="NOT RUN" starttime="20220309 16:50:07.259" endtime="20220309 16:50:07.259"/>
</kw>
<kw name="Email" library="FakerLibrary">
<var>${EMAIL FAKE}</var>
<status status="NOT RUN" starttime="20220309 16:50:07.261" endtime="20220309 16:50:07.262"/>
</kw>
<kw name="Press Keys" library="SeleniumLibrary">
<arg>id=${EMAIL}</arg>
<arg>${EMAIL FAKE}</arg>
<doc>Simulates the user pressing key(s) to an element or on the active browser.</doc>
<status status="NOT RUN" starttime="20220309 16:50:07.263" endtime="20220309 16:50:07.263"/>
</kw>
<status status="FAIL" starttime="20220309 16:50:07.211" endtime="20220309 16:50:07.272"/>
</kw>
<tag>Cadastro Cliente</tag>
<status status="FAIL" starttime="20220309 16:50:07.180" endtime="20220309 16:50:07.307">No browser is open.</status>
</test>
<test id="s1-t8" name="Caso de teste 08: Preenchimento de dados na aba documentos de identificação">
<kw name="cadastro cliente documentos de identificação" library="cadastroClienteResources">
<kw name="Random Int" library="FakerLibrary">
<var>${CREDITO FAKE}</var>
<arg>min=1000000000000</arg>
<arg>max=9000000000000</arg>
<doc>Generate a random integer between two integers ``min`` and ``max`` inclusive
while observing the provided ``step`` value.</doc>
<msg timestamp="20220309 16:50:07.408" level="INFO">${CREDITO FAKE} = 2973268813178</msg>
<status status="PASS" starttime="20220309 16:50:07.395" endtime="20220309 16:50:07.408"/>
</kw>
<kw name="Press Keys" library="SeleniumLibrary">
<arg>Name=${CARTÂO PRODUTOR}</arg>
<arg>${CREDITO FAKE}</arg>
<doc>Simulates the user pressing key(s) to an element or on the active browser.</doc>
<msg timestamp="20220309 16:50:07.413" level="INFO">Sending key(s) ('2973268813178',) to Name=tipoidentificacao_local_cartaoprodutor element.</msg>
<kw name="Capture Page Screenshot" library="SeleniumLibrary">
<doc>Takes a screenshot of the current page and embeds it into a log file.</doc>
<msg timestamp="20220309 16:50:07.414" level="INFO">Cannot capture screenshot because no browser is open.</msg>
<status status="PASS" starttime="20220309 16:50:07.413" endtime="20220309 16:50:07.414"/>
</kw>
<msg timestamp="20220309 16:50:07.425" level="FAIL">No browser is open.</msg>
<status status="FAIL" starttime="20220309 16:50:07.411" endtime="20220309 16:50:07.425"/>
</kw>
<kw name="Press Keys" library="SeleniumLibrary">
<arg>id=${INSCRIÇÂO ESTADUAL}</arg>
<arg>0121754832766</arg>
<doc>Simulates the user pressing key(s) to an element or on the active browser.</doc>
<status status="NOT RUN" starttime="20220309 16:50:07.427" endtime="20220309 16:50:07.428"/>
</kw>
<kw name="Press Keys" library="SeleniumLibrary">
<arg>Name=${INSCRIÇÂO MUNICIPAL}</arg>
<arg>${CREDITO FAKE}</arg>
<doc>Simulates the user pressing key(s) to an element or on the active browser.</doc>
<status status="NOT RUN" starttime="20220309 16:50:07.428" endtime="20220309 16:50:07.428"/>
</kw>
<kw name="Press Keys" library="SeleniumLibrary">
<arg>Name=${INSCRIÇÂO SUFRAMA}</arg>
<arg>${CREDITO FAKE}</arg>
<doc>Simulates the user pressing key(s) to an element or on the active browser.</doc>
<status status="NOT RUN" starttime="20220309 16:50:07.429" endtime="20220309 16:50:07.429"/>
</kw>
<status status="FAIL" starttime="20220309 16:50:07.394" endtime="20220309 16:50:07.439"/>
</kw>
<tag>Cadastro Cliente</tag>
<status status="FAIL" starttime="20220309 16:50:07.373" endtime="20220309 16:50:07.476">No browser is open.</status>
</test>
<test id="s1-t9" name="Caso de teste 09: Preenchimento de dados na complemento (local)">
<kw name="cadastro cliente complemento local" library="cadastroClienteResources">
<kw name="Scroll Element Into View" library="SeleniumLibrary">
<arg>Name=${OBSERVAÇÂO LOCAL}</arg>
<doc>Scrolls the element identified by ``locator`` into view.</doc>
<kw name="Capture Page Screenshot" library="SeleniumLibrary">
<doc>Takes a screenshot of the current page and embeds it into a log file.</doc>
<msg timestamp="20220309 16:50:07.585" level="INFO">Cannot capture screenshot because no browser is open.</msg>
<status status="PASS" starttime="20220309 16:50:07.580" endtime="20220309 16:50:07.585"/>
</kw>
<msg timestamp="20220309 16:50:07.588" level="FAIL">No browser is open.</msg>
<status status="FAIL" starttime="20220309 16:50:07.576" endtime="20220309 16:50:07.588"/>
</kw>
<kw name="Press Keys" library="SeleniumLibrary">
<arg>id=${TIPO LOCAL}</arg>
<arg>ARROW_DOWN</arg>
<doc>Simulates the user pressing key(s) to an element or on the active browser.</doc>
<status status="NOT RUN" starttime="20220309 16:50:07.594" endtime="20220309 16:50:07.602"/>
</kw>
<kw name="Sleep" library="BuiltIn">
<arg>0.5s</arg>
<doc>Pauses the test executed for the given time.</doc>
<status status="NOT RUN" starttime="20220309 16:50:07.602" endtime="20220309 16:50:07.603"/>
</kw>
<kw name="Click Element" library="SeleniumLibrary">
<arg>id=${SEGMENTO}</arg>
<doc>Click the element identified by ``locator``.</doc>
<status status="NOT RUN" starttime="20220309 16:50:07.603" endtime="20220309 16:50:07.604"/>
</kw>
<kw name="Press Keys" library="SeleniumLibrary">
<arg>id=${SEGMENTO}</arg>
<arg>ARROW_DOWN</arg>
<doc>Simulates the user pressing key(s) to an element or on the active browser.</doc>
<status status="NOT RUN" starttime="20220309 16:50:07.605" endtime="20220309 16:50:07.605"/>
</kw>
<kw name="Sleep" library="BuiltIn">
<arg>0.5s</arg>
<doc>Pauses the test executed for the given time.</doc>
<status status="NOT RUN" starttime="20220309 16:50:07.605" endtime="20220309 16:50:07.610"/>
</kw>
<kw name="Click Element" library="SeleniumLibrary">
<arg>id=${TABELA DE PREÇO}</arg>
<doc>Click the element identified by ``locator``.</doc>
<status status="NOT RUN" starttime="20220309 16:50:07.611" endtime="20220309 16:50:07.611"/>
</kw>
<kw name="Press Keys" library="SeleniumLibrary">
<arg>id=${TABELA DE PREÇO}</arg>
<arg>ARROW_DOWN</arg>
<doc>Simulates the user pressing key(s) to an element or on the active browser.</doc>
<status status="NOT RUN" starttime="20220309 16:50:07.612" endtime="20220309 16:50:07.613"/>
</kw>
<kw name="Sleep" library="BuiltIn">
<arg>0.5s</arg>
<doc>Pauses the test executed for the given time.</doc>
<status status="NOT RUN" starttime="20220309 16:50:07.613" endtime="20220309 16:50:07.614"/>
</kw>
<kw name="Click Element" library="SeleniumLibrary">
<arg>id=${CONDIÇÂO PAGAMENTO}</arg>
<doc>Click the element identified by ``locator``.</doc>
<status status="NOT RUN" starttime="20220309 16:50:07.623" endtime="20220309 16:50:07.623"/>
</kw>
<kw name="Press Keys" library="SeleniumLibrary">
<arg>id=${CONDIÇÂO PAGAMENTO}</arg>
<arg>ARROW_DOWN</arg>
<doc>Simulates the user pressing key(s) to an element or on the active browser.</doc>
<status status="NOT RUN" starttime="20220309 16:50:07.624" endtime="20220309 16:50:07.624"/>
</kw>
<kw name="Sleep" library="BuiltIn">
<arg>0.5s</arg>
<doc>Pauses the test executed for the given time.</doc>
<status status="NOT RUN" starttime="20220309 16:50:07.625" endtime="20220309 16:50:07.625"/>
</kw>
<kw name="Click Element" library="SeleniumLibrary">
<arg>id=${TIPO COBRANÇA}</arg>
<doc>Click the element identified by ``locator``.</doc>
<status status="NOT RUN" starttime="20220309 16:50:07.625" endtime="20220309 16:50:07.625"/>
</kw>
<kw name="Press Keys" library="SeleniumLibrary">
<arg>id=${TIPO COBRANÇA}</arg>
<arg>ARROW_DOWN</arg>
<doc>Simulates the user pressing key(s) to an element or on the active browser.</doc>
<status status="NOT RUN" starttime="20220309 16:50:07.626" endtime="20220309 16:50:07.626"/>
</kw>
<kw name="Random Int" library="FakerLibrary">
<var>${PREÇO BASE FAKE}</var>
<arg>min=1000000</arg>
<arg>max=20000000</arg>
<doc>Generate a random integer between two integers ``min`` and ``max`` inclusive
while observing the provided ``step`` value.</doc>
<status status="NOT RUN" starttime="20220309 16:50:07.626" endtime="20220309 16:50:07.626"/>
</kw>
<kw name="Click Element" library="SeleniumLibrary">
<arg>id=${PREÇO BASE}</arg>
<doc>Click the element identified by ``locator``.</doc>
<status status="NOT RUN" starttime="20220309 16:50:07.627" endtime="20220309 16:50:07.627"/>
</kw>
<kw name="Press Keys" library="SeleniumLibrary">
<arg>id=${PREÇO BASE}</arg>
<arg>${PREÇO BASE FAKE}</arg>
<doc>Simulates the user pressing key(s) to an element or on the active browser.</doc>
<status status="NOT RUN" starttime="20220309 16:50:07.627" endtime="20220309 16:50:07.627"/>
</kw>
<kw name="Press Keys" library="SeleniumLibrary">
<arg>Name=${OBSERVAÇÂO LOCAL}</arg>
<arg>TESTE ROBOT FRAMEWORK</arg>
<doc>Simulates the user pressing key(s) to an element or on the active browser.</doc>
<status status="NOT RUN" starttime="20220309 16:50:07.628" endtime="20220309 16:50:07.628"/>
</kw>
<status status="FAIL" starttime="20220309 16:50:07.572" endtime="20220309 16:50:07.630"/>
</kw>
<tag>Cadastro Cliente</tag>
<status status="FAIL" starttime="20220309 16:50:07.541" endtime="20220309 16:50:07.643">No browser is open.</status>
</test>
<test id="s1-t10" name="Caso de teste 10: Gravar cadastro de cliente">
<kw name="gravar cadastro" library="cadastroClienteResources">
<kw name="Click Element" library="SeleniumLibrary">
<arg>id=${GRAVAR}</arg>
<doc>Click the element identified by ``locator``.</doc>
<msg timestamp="20220309 16:50:07.673" level="INFO">Clicking element 'id=btnGravar'.</msg>
<kw name="Capture Page Screenshot" library="SeleniumLibrary">
<doc>Takes a screenshot of the current page and embeds it into a log file.</doc>
<msg timestamp="20220309 16:50:07.674" level="INFO">Cannot capture screenshot because no browser is open.</msg>
<status status="PASS" starttime="20220309 16:50:07.674" endtime="20220309 16:50:07.675"/>
</kw>
<msg timestamp="20220309 16:50:07.677" level="FAIL">No browser is open.</msg>
<status status="FAIL" starttime="20220309 16:50:07.663" endtime="20220309 16:50:07.677"/>
</kw>
<kw name="Sleep" library="BuiltIn">
<arg>3s</arg>
<doc>Pauses the test executed for the given time.</doc>
<status status="NOT RUN" starttime="20220309 16:50:07.678" endtime="20220309 16:50:07.679"/>
</kw>
<kw name="Element Should Contain" library="SeleniumLibrary">
<arg>id=${VALIDAÇÂO}</arg>
<arg>${TEXTO VALIDAÇÂO}</arg>
<doc>Verifies that element ``locator`` contains text ``expected``.</doc>
<status status="NOT RUN" starttime="20220309 16:50:07.693" endtime="20220309 16:50:07.693"/>
</kw>
<status status="FAIL" starttime="20220309 16:50:07.661" endtime="20220309 16:50:07.696"/>
</kw>
<kw name="Fechar navegador" library="globalVariables">
<status status="NOT RUN" starttime="20220309 16:50:07.708" endtime="20220309 16:50:07.708"/>
</kw>
<tag>Cadastro Cliente</tag>
<status status="FAIL" starttime="20220309 16:50:07.659" endtime="20220309 16:50:07.722">No browser is open.</status>
</test>
<status status="FAIL" starttime="20220309 16:50:02.725" endtime="20220309 16:50:07.745"/>
</suite>
<statistics>
<total>
<stat pass="0" fail="10" skip="0">All Tests</stat>
</total>
<tag>
<stat pass="0" fail="8" skip="0">Cadastro Cliente</stat>
<stat pass="0" fail="1" skip="0">Login</stat>
<stat pass="0" fail="1" skip="0">Navegador</stat>
</tag>
<suite>
<stat pass="0" fail="10" skip="0" id="s1" name="cadastroCliente">cadastroCliente</stat>
</suite>
</statistics>
<errors>
</errors>
</robot>
