<?xml version="1.0" encoding="UTF-8"?>
<robot generator="Robot 4.1.1 (Python 3.10.0 on win32)" generated="20220316 17:06:34.933" rpa="false" schemaversion="2">
<suite id="s1" name="pedidoAndroid" source="C:\Users\jaime.rosa\Documents\Automação Totvs\testes-integrados\test\pedidoAndroid.robot">
<test id="s1-t1" name="Caso de teste 01: Abrir o aplicativo Totvs">
<kw name="abrir aplicativo" library="globalAndroid">
<kw name="Open Application" library="AppiumLibrary">
<arg>http://localhost:4723/wd/hub</arg>
<arg>automationName=UiAutomator2</arg>
<arg>platformName=Android</arg>
<arg>noReset=false</arg>
<arg>deviceName=teste</arg>
<arg>app=${EXECDIR}\\app\\TOTVS CRMSFA.apk</arg>
<arg>udid=emulator-5554</arg>
<doc>Opens a new application to given Appium server.
Capabilities of appium server, Android and iOS,
Please check https://github.com/appium/appium/blob/master/docs/en/writing-running-appium/server-args.md
| *Option*            | *Man.* | *Description*     |
| remote_url          | Yes    | Appium server url |
| alias               | no     | alias             |</doc>
<status status="PASS" starttime="20220316 17:06:36.652" endtime="20220316 17:08:02.139"/>
</kw>
<status status="PASS" starttime="20220316 17:06:36.651" endtime="20220316 17:08:02.140"/>
</kw>
<status status="PASS" starttime="20220316 17:06:36.624" endtime="20220316 17:08:02.151"/>
</test>
<test id="s1-t2" name="Caso de teste 02: Realizar Login">
<kw name="login" library="loginAndroidResources">
<kw name="Wait Until Page Contains Element" library="AppiumLibrary">
<arg>${PROFISSIONAL}</arg>
<arg>timeout=120</arg>
<doc>Waits until element specified with `locator` appears on current page.</doc>
<kw name="Capture Page Screenshot" library="AppiumLibrary">
<doc>Takes a screenshot of the current page and embeds it into the log.</doc>
<msg timestamp="20220316 17:08:22.473" level="INFO" html="true">&lt;/td&gt;&lt;/tr&gt;&lt;tr&gt;&lt;td colspan="3"&gt;&lt;a href="appium-screenshot-1.png"&gt;&lt;img src="appium-screenshot-1.png" width="800px"&gt;&lt;/a&gt;</msg>
<status status="PASS" starttime="20220316 17:08:20.640" endtime="20220316 17:08:22.474"/>
</kw>
<msg timestamp="20220316 17:08:22.492" level="FAIL">WebDriverException: Message: An unknown server-side error occurred while processing the command. Original error: Timed out after 15620ms waiting for the root AccessibilityNodeInfo in the active window. Make sure the active window is not constantly hogging the main UI thread (e.g. the application is being idle long enough), so the accessibility manager could do its work
</msg>
<status status="FAIL" starttime="20220316 17:08:02.735" endtime="20220316 17:08:22.492"/>
</kw>
<kw name="Element Should Contain Text" library="AppiumLibrary">
<arg>${PROFISSIONAL}</arg>
<arg>01000016</arg>
<doc>Verifies element identified by ``locator`` contains text ``expected``.</doc>
<status status="NOT RUN" starttime="20220316 17:08:22.494" endtime="20220316 17:08:22.495"/>
</kw>
<kw name="Input Text" library="AppiumLibrary">
<arg>${SENHA}</arg>
<arg>12</arg>
<doc>Types the given `text` into text field identified by `locator`.</doc>
<status status="NOT RUN" starttime="20220316 17:08:22.495" endtime="20220316 17:08:22.495"/>
</kw>
<kw name="Click Element" library="AppiumLibrary">
<arg>${ENTRAR}</arg>
<doc>Click element identified by `locator`.</doc>
<status status="NOT RUN" starttime="20220316 17:08:22.496" endtime="20220316 17:08:22.496"/>
</kw>
<status status="FAIL" starttime="20220316 17:08:02.734" endtime="20220316 17:08:22.497"/>
</kw>
<status status="FAIL" starttime="20220316 17:08:02.660" endtime="20220316 17:08:22.501">WebDriverException: Message: An unknown server-side error occurred while processing the command. Original error: Timed out after 15620ms waiting for the root AccessibilityNodeInfo in the active window. Make sure the active window is not constantly hogging the main UI thread (e.g. the application is being idle long enough), so the accessibility manager could do its work
</status>
</test>
<status status="FAIL" starttime="20220316 17:06:34.945" endtime="20220316 17:08:22.508"/>
</suite>
<statistics>
<total>
<stat pass="1" fail="1" skip="0">All Tests</stat>
</total>
<tag>
</tag>
<suite>
<stat pass="1" fail="1" skip="0" id="s1" name="pedidoAndroid">pedidoAndroid</stat>
</suite>
</statistics>
<errors>
<msg timestamp="20220316 17:06:36.377" level="WARN">Imported resource file 'C:\Users\jaime.rosa\Documents\Automação Totvs\testes-integrados\variables\pedidoAndroidVariables.robot' is empty.</msg>
</errors>
</robot>
