<?xml version="1.0" encoding="UTF-8"?>
<robot generator="Robot 4.1.1 (Python 3.10.0 on win32)" generated="20220315 17:10:29.027" rpa="false" schemaversion="2">
<suite id="s1" name="pedidoAndroid" source="C:\Users\jaime.rosa\Documents\Automação Totvs\testes-integrados\test\pedidoAndroid.robot">
<test id="s1-t1" name="Caso de teste 01: Abrir o aplicativo Totvs">
<kw name="abrir aplicativo" library="globalAndroid">
<kw name="Open Application" library="AppiumLibrary">
<arg>http://localhost:4723/wd/hub</arg>
<arg>automationName=UiAutomator2</arg>
<arg>platformName=Android</arg>
<arg>noReset=false</arg>
<arg>deviceName=teste</arg>
<arg>app=C:\\Users\\jaime.rosa\\Documents\\Automação Totvs\\testes-integrados\\app\\TOTVS CRMSFA.apk</arg>
<arg>udid=emulator-5554</arg>
<doc>Opens a new application to given Appium server.
Capabilities of appium server, Android and iOS,
Please check https://github.com/appium/appium/blob/master/docs/en/writing-running-appium/server-args.md
| *Option*            | *Man.* | *Description*     |
| remote_url          | Yes    | Appium server url |
| alias               | no     | alias             |</doc>
<status status="PASS" starttime="20220315 17:10:30.198" endtime="20220315 17:11:35.572"/>
</kw>
<status status="PASS" starttime="20220315 17:10:30.195" endtime="20220315 17:11:35.573"/>
</kw>
<status status="PASS" starttime="20220315 17:10:30.159" endtime="20220315 17:11:35.619"/>
</test>
<test id="s1-t2" name="Caso de teste 02: Realizar Login">
<kw name="login" library="loginAndroidResources">
<kw name="Wait Until Page Contains Element" library="AppiumLibrary">
<arg>${PROFISSIONAL}</arg>
<arg>timeout=120</arg>
<doc>Waits until element specified with `locator` appears on current page.</doc>
<status status="PASS" starttime="20220315 17:11:35.850" endtime="20220315 17:11:41.785"/>
</kw>
<kw name="Element Should Contain Text" library="AppiumLibrary">
<arg>${PROFISSIONAL}</arg>
<arg>01000016</arg>
<doc>Verifies element identified by ``locator`` contains text ``expected``.</doc>
<msg timestamp="20220315 17:11:41.791" level="INFO">Verifying element 'com.wealthsystems.sim3g:id/login_txtuser' contains text '01000016'.</msg>
<status status="PASS" starttime="20220315 17:11:41.786" endtime="20220315 17:11:42.337"/>
</kw>
<kw name="Input Text" library="AppiumLibrary">
<arg>${SENHA}</arg>
<arg>12</arg>
<doc>Types the given `text` into text field identified by `locator`.</doc>
<msg timestamp="20220315 17:11:42.342" level="INFO">Typing text '12' into text field 'com.wealthsystems.sim3g:id/login_txtpwd'</msg>
<status status="PASS" starttime="20220315 17:11:42.337" endtime="20220315 17:11:43.234"/>
</kw>
<kw name="Click Element" library="AppiumLibrary">
<arg>${ENTRAR}</arg>
<doc>Click element identified by `locator`.</doc>
<msg timestamp="20220315 17:11:43.245" level="INFO">Clicking element 'com.wealthsystems.sim3g:id/login_btnentrar'.</msg>
<status status="PASS" starttime="20220315 17:11:43.234" endtime="20220315 17:11:44.158"/>
</kw>
<status status="PASS" starttime="20220315 17:11:35.849" endtime="20220315 17:11:44.158"/>
</kw>
<status status="PASS" starttime="20220315 17:11:35.842" endtime="20220315 17:11:44.180"/>
</test>
<status status="PASS" starttime="20220315 17:10:29.032" endtime="20220315 17:11:44.201"/>
</suite>
<statistics>
<total>
<stat pass="2" fail="0" skip="0">All Tests</stat>
</total>
<tag>
</tag>
<suite>
<stat pass="2" fail="0" skip="0" id="s1" name="pedidoAndroid">pedidoAndroid</stat>
</suite>
</statistics>
<errors>
<msg timestamp="20220315 17:10:29.987" level="WARN">Imported resource file 'C:\Users\jaime.rosa\Documents\Automação Totvs\testes-integrados\variables\pedidoAndroidVariables.robot' is empty.</msg>
</errors>
</robot>
