<?xml version="1.0" encoding="UTF-8"?>
<robot generator="Robot 4.1.1 (Python 3.10.0 on win32)" generated="20220221 14:49:26.844" rpa="false" schemaversion="2">
<suite id="s1" name="Login" source="C:\Users\jaime.rosa\Documents\Automacao_robot\test\login.robot">
<test id="s1-t1" name="Caso de teste 01: realizar Login">
<kw name="acessar a pagina home do crm" library="loginResources">
<kw name="Abrir navegador chrome" library="globalVariables">
<doc>Abre uma página do chrome na página de login</doc>
<kw name="Open Browser" library="SeleniumLibrary">
<arg>${URL}</arg>
<arg>${CHROME}</arg>
<doc>Opens a new browser instance to the optional ``url``.</doc>
<msg timestamp="20220221 14:49:28.749" level="INFO">Opening browser 'Chrome' to base url 'http://qa03.sfa.wssim.com.br:9004/totvscrmsfa/'.</msg>
<status status="PASS" starttime="20220221 14:49:28.747" endtime="20220221 14:49:38.430"/>
</kw>
<kw name="Maximize Browser Window" library="SeleniumLibrary">
<doc>Maximizes current browser window.</doc>
<status status="PASS" starttime="20220221 14:49:38.431" endtime="20220221 14:49:38.780"/>
</kw>
<kw name="Wait Until Page Contains Element" library="SeleniumLibrary">
<arg>id=${CENTRO DE LOGIN}</arg>
<arg>timeout=50</arg>
<doc>Waits until the element ``locator`` appears on the current page.</doc>
<status status="PASS" starttime="20220221 14:49:38.780" endtime="20220221 14:49:38.840"/>
</kw>
<status status="PASS" starttime="20220221 14:49:28.744" endtime="20220221 14:49:38.840"/>
</kw>
<status status="PASS" starttime="20220221 14:49:28.738" endtime="20220221 14:49:38.840"/>
</kw>
<kw name="Realizar login" library="loginResources">
<kw name="Input Text" library="SeleniumLibrary">
<arg>id=${LOGIN PROFISSIONAL}</arg>
<arg>01000016</arg>
<doc>Types the given ``text`` into the text field identified by ``locator``.</doc>
<msg timestamp="20220221 14:49:38.850" level="INFO">Typing text '01000016' into text field 'id=formusuario'.</msg>
<status status="PASS" starttime="20220221 14:49:38.849" endtime="20220221 14:49:39.027"/>
</kw>
<kw name="Sleep" library="BuiltIn">
<arg>1s</arg>
<doc>Pauses the test executed for the given time.</doc>
<msg timestamp="20220221 14:49:40.028" level="INFO">Slept 1 second</msg>
<status status="PASS" starttime="20220221 14:49:39.027" endtime="20220221 14:49:40.028"/>
</kw>
<kw name="Input Text" library="SeleniumLibrary">
<arg>id=${SENHA PROFISSIONAL}</arg>
<arg>12</arg>
<doc>Types the given ``text`` into the text field identified by ``locator``.</doc>
<msg timestamp="20220221 14:49:40.030" level="INFO">Typing text '12' into text field 'id=formsenha'.</msg>
<status status="PASS" starttime="20220221 14:49:40.029" endtime="20220221 14:49:40.267"/>
</kw>
<kw name="Sleep" library="BuiltIn">
<arg>1s</arg>
<doc>Pauses the test executed for the given time.</doc>
<msg timestamp="20220221 14:49:41.269" level="INFO">Slept 1 second</msg>
<status status="PASS" starttime="20220221 14:49:40.267" endtime="20220221 14:49:41.269"/>
</kw>
<kw name="Click Element" library="SeleniumLibrary">
<arg>id=${BOTÂO ENTRAR}</arg>
<doc>Click the element identified by ``locator``.</doc>
<msg timestamp="20220221 14:49:41.271" level="INFO">Clicking element 'id=btnGravar'.</msg>
<status status="PASS" starttime="20220221 14:49:41.270" endtime="20220221 14:49:46.031"/>
</kw>
<status status="PASS" starttime="20220221 14:49:38.848" endtime="20220221 14:49:46.032"/>
</kw>
<status status="PASS" starttime="20220221 14:49:28.682" endtime="20220221 14:49:46.075"/>
</test>
<doc>Login</doc>
<status status="PASS" starttime="20220221 14:49:26.850" endtime="20220221 14:49:46.079"/>
</suite>
<statistics>
<total>
<stat pass="1" fail="0" skip="0">All Tests</stat>
</total>
<tag>
</tag>
<suite>
<stat pass="1" fail="0" skip="0" id="s1" name="Login">Login</stat>
</suite>
</statistics>
<errors>
</errors>
</robot>
